STEP
ITEM 1 1098295819
ITEM 4 1359924482
ITEM 2 912658526
ITEM 1 1761404947
ITEM 0 955327338
ITEM 3 1351776087
ITEM 0 1387011046
ITEM 3 1013812948
ITEM 4 355183930
ITEM 4 1800697444
STEP
ITEM 3 805497280
STEP
ITEM 3 1321570802
ITEM 4 97321033
ITEM 3 142335270
ITEM 4 1190575567
ITEM 2 887731807
ITEM 1 1519779445
ITEM 2 134862332
ITEM 2 880897796
ITEM 0 2013532603
ITEM 1 334682629
ITEM 0 1098017422
ITEM 3 1809360165
ITEM 2 1690823030
ITEM 2 928817660
ITEM 0 1845365916
ITEM 0 1547731825
ITEM 0 1965790731
ITEM 0 1911981036
ITEM 4 2129402599
STEP
ITEM 4 1419857307
ITEM 3 379011992
ITEM 0 1593825825
ITEM 2 1982153184
ITEM 1 154903425
ITEM 1 1081297093
ITEM 1 1619199158
ITEM 1 136031477
ITEM 0 380671535
ITEM 1 1200498094
STEP
ITEM 2 1201514120
ITEM 0 2057404877
ITEM 2 793584136
ITEM 1 926298680
ITEM 3 1771406767
ITEM 2 2073687587
ITEM 3 661246177
ITEM 4 1297655073
ITEM 1 874669428
ITEM 2 2077879898
STEP
ITEM 2 1120412656
ITEM 3 1020917958
ITEM 1 1619972047
ITEM 2 750635889
ITEM 0 2015345597
ITEM 2 393510329
ITEM 3 1148567000
ITEM 2 1941319563
ITEM 4 1227582448
ITEM 2 59885993
STEP
ITEM 2 642592375
ITEM 0 1645543452
ITEM 1 2049500202
ITEM 1 1173784693
ITEM 2 683146098
ITEM 4 1979694925
ITEM 0 1060224026
ITEM 3 956556067
ITEM 4 1706849631
ITEM 2 420544260
STEP
ITEM 2 1631363016
ITEM 3 442140134
ITEM 0 878461779
ITEM 0 421936999
ITEM 4 1713333495
ITEM 3 1210944227
ITEM 3 425628621
ITEM 4 1283364580
ITEM 3 1833862110
ITEM 4 378786820
STEP
ITEM 2 1760623207
ITEM 1 1199531312
ITEM 3 1553924629
ITEM 3 796678120
STEP
ITEM 3 411920201
ITEM 2 836150396
ITEM 3 1917615189
ITEM 2 121304656
ITEM 3 342374964
ITEM 4 250751698
ITEM 2 397206904
ITEM 2 220304257
ITEM 4 1183606337
ITEM 0 760957780
ITEM 0 261772308
ITEM 4 421650980
ITEM 1 155831081
ITEM 2 1919165885
ITEM 4 144653336
ITEM 1 514180505
STEP
ITEM 0 731615644
ITEM 3 1886353914
ITEM 2 1735171899
ITEM 3 1892448904
ITEM 0 459417085
ITEM 2 513287352
ITEM 0 1654741523
ITEM 2 1913455086
ITEM 4 970497061
ITEM 4 1721228577
STEP
ITEM 2 494523786
ITEM 0 1072931610
ITEM 0 1137450125
ITEM 3 1816726196
ITEM 2 192258217
STEP
ITEM 1 1694696733
ITEM 3 1245634253
ITEM 0 355005972
ITEM 3 2129665433
ITEM 0 1966060584
ITEM 0 71971231
ITEM 4 961695999
ITEM 2 1111198114
STEP
ITEM 3 2097320107
ITEM 3 547596683
ITEM 1 1084254574
ITEM 1 1939767030
ITEM 4 1892956080
ITEM 0 487602647
ITEM 4 167921919
ITEM 0 68430543
ITEM 4 2106753753
ITEM 4 673824342
ITEM 4 1301153068
ITEM 0 122086604
ITEM 3 1508689232
ITEM 3 1676528025
STEP
ITEM 1 1162547965
ITEM 1 2146385211
ITEM 0 510907319
ITEM 4 44337134
ITEM 2 1516692763
ITEM 2 1264000745
ITEM 0 1819633264
ITEM 3 1679605161
ITEM 3 1813892742
ITEM 3 1651433755
ITEM 2 1070580473
ITEM 3 1775069046
ITEM 3 1362909722
STEP
ITEM 3 1916836801
ITEM 0 1338482236
ITEM 2 98149260
ITEM 0 30425452
ITEM 4 1944079368
ITEM 1 468875723
ITEM 1 250163798
ITEM 4 1202133644
ITEM 0 663818186
ITEM 2 637494324
STEP
STEP
ITEM 4 543289512
ITEM 0 2017283627
ITEM 1 695377114
ITEM 1 1380115440
ITEM 2 472805480
ITEM 3 670333059
ITEM 0 91953368
ITEM 0 507039873
ITEM 1 31739511
ITEM 4 594182648
ITEM 3 116916260
ITEM 1 1955320721
ITEM 2 866816578
ITEM 3 1117416833
ITEM 0 100956843
ITEM 2 199852552
ITEM 3 712192057
ITEM 2 717860046
ITEM 3 591054836
ITEM 3 375460171
STEP
ITEM 3 822311013
ITEM 0 1573417767
ITEM 4 2132638501
ITEM 3 1487356496
ITEM 4 824911706
ITEM 2 225341058
ITEM 4 1362556302
ITEM 1 515241175
ITEM 0 1465679742
ITEM 4 1277334716
STEP
ITEM 2 2113706048
ITEM 4 519987244
ITEM 2 831370699
ITEM 1 199649882
ITEM 3 1203869178
ITEM 4 1997753096
ITEM 3 2051468427
ITEM 0 2012035527
ITEM 0 1085161710
ITEM 1 805473014
STEP
STEP
ITEM 2 1774498904
ITEM 0 76089393
ITEM 0 232543483
ITEM 4 273435094
ITEM 0 2108163079
ITEM 3 214284346
ITEM 4 311033887
ITEM 4 739361548
ITEM 4 985816331
ITEM 4 296547820
ITEM 2 607075377
ITEM 0 1648621147
ITEM 2 740742937
ITEM 0 2006774169
ITEM 4 1619519898
ITEM 4 893442947
ITEM 4 1992906237
ITEM 2 1522517937
ITEM 4 2140446990
ITEM 1 566546818
STEP
ITEM 0 1977217670
ITEM 3 1410054153
ITEM 0 458392805
ITEM 2 1204826054
ITEM 1 666907668
ITEM 0 758967939
ITEM 4 1424675016
ITEM 2 538828393
ITEM 4 750838957
ITEM 1 889913267
STEP
ITEM 4 827452168
ITEM 4 1630150366
ITEM 4 1620527196
ITEM 2 84746675
ITEM 3 126494282
ITEM 4 1884330770
ITEM 4 1952352759
ITEM 4 1716306546
ITEM 4 1835798843
ITEM 3 1459159324
STEP
ITEM 4 604446367
ITEM 4 859461871
ITEM 2 1685128939
ITEM 3 1711779643
ITEM 2 2130967443
ITEM 1 1277363849
ITEM 1 449148038
ITEM 4 1467410907
ITEM 3 1389727723
ITEM 2 1643608966
STEP
ITEM 4 1513547351
ITEM 4 1890274675
ITEM 0 581216017
ITEM 4 1465844057
ITEM 2 788003925
ITEM 3 1284813060
ITEM 1 1757263757
ITEM 1 2120228497
ITEM 4 1136477593
ITEM 2 1040231598
STEP
ITEM 0 1899075297
ITEM 1 1948097132
STEP
ITEM 4 923868901
ITEM 1 1434065934
ITEM 4 1686440628
ITEM 4 2058458689
ITEM 2 1102026095
ITEM 2 519411234
ITEM 3 1983094408
ITEM 3 42733844
ITEM 3 1662992800
ITEM 4 1832265062
ITEM 0 585997335
ITEM 3 1994929619
ITEM 4 1969450611
ITEM 1 1518925835
ITEM 1 887632581
ITEM 2 1993011590
ITEM 4 1397069863
ITEM 3 524880818
STEP
ITEM 3 441709597
ITEM 1 460998311
ITEM 4 1075698365
ITEM 2 803811767
ITEM 0 800600646
ITEM 1 1892994826
ITEM 3 1424376896
ITEM 1 290537113
ITEM 0 18504997
ITEM 3 1992401006
STEP
ITEM 1 1137383859
ITEM 2 1863194524
ITEM 1 580541737
ITEM 1 2049123841
ITEM 4 218427727
ITEM 1 1141006105
ITEM 0 1225281713
ITEM 3 1289117252
ITEM 4 1038603151
ITEM 0 273319346
STEP
ITEM 0 136370268
ITEM 2 147124243
ITEM 1 1140302054
ITEM 3 1947756115
ITEM 3 835563015
ITEM 1 1895724025
ITEM 3 526929299
ITEM 3 89503242
ITEM 1 337874383
ITEM 0 218226461
STEP
ITEM 4 1730957467
ITEM 1 949577093
ITEM 1 1045830447
ITEM 1 599614184
ITEM 2 377391238
ITEM 4 467862386
ITEM 3 1881081565
ITEM 1 1187357457
ITEM 4 49572322
ITEM 3 1708632131
STEP
ITEM 3 254048418
ITEM 3 1146963175
ITEM 3 519189971
ITEM 1 1234347252
ITEM 3 255923081
ITEM 0 1446584916
ITEM 3 1447294087
ITEM 2 77762523
ITEM 0 425520064
ITEM 4 448627119
STEP
ITEM 3 2045208309
ITEM 1 835617881
ITEM 3 1181768039
ITEM 1 1695972279
ITEM 0 1956073149
ITEM 4 794768914
ITEM 1 198269677
ITEM 4 26351280
ITEM 0 1880896670
ITEM 1 1520655531
STEP
ITEM 4 1641617772
ITEM 3 2060389166
ITEM 3 705165858
ITEM 3 603101622
ITEM 2 866381566
ITEM 0 1389653073
ITEM 4 1241641969
ITEM 2 642388962
ITEM 1 1865608411
ITEM 4 1984845402
STEP
ITEM 3 1015673298
ITEM 0 1849163520
ITEM 0 42459996
ITEM 3 1382184618
ITEM 3 1686980271
ITEM 2 1924736001
ITEM 4 2010343928
ITEM 2 683054017
ITEM 2 2085474448
ITEM 0 545810677
STEP
ITEM 4 422897480
ITEM 3 304682303
ITEM 4 505086110
ITEM 1 2019580173
ITEM 0 613193989
ITEM 3 1086032868
ITEM 1 224191265
ITEM 1 1622060185
ITEM 1 937401352
ITEM 1 825178515
STEP
ITEM 4 2020681601
ITEM 2 1798951178
STEP
ITEM 3 1053684808
ITEM 4 483629386
ITEM 0 590462824
ITEM 4 198846536
ITEM 2 1390490054
ITEM 3 1865969904
ITEM 2 749165026
ITEM 2 1234867423
ITEM 3 626017847
ITEM 4 470214443
ITEM 4 1329591069
ITEM 4 2019228668
ITEM 1 2032226700
ITEM 1 1815659726
ITEM 3 2081195000
ITEM 1 1654216750
ITEM 0 1914407146
ITEM 1 1069717069
STEP
ITEM 1 1447389188
ITEM 4 166242422
ITEM 1 1690521801
ITEM 4 726085374
ITEM 4 876042001
ITEM 3 1505637259
ITEM 3 1663225140
ITEM 2 1610980326
ITEM 3 1258312317
ITEM 0 780744683
STEP
ITEM 0 1339885207
ITEM 2 328620210
ITEM 3 1320177129
ITEM 1 63036598
ITEM 3 1519992504
ITEM 1 864267203
ITEM 4 311718930
ITEM 0 1622035351
ITEM 2 1076672627
ITEM 1 95991425
STEP
ITEM 4 624046359
ITEM 0 475526190
ITEM 1 1857399707
ITEM 2 2026083598
ITEM 0 2128009428
ITEM 4 1362804910
ITEM 3 390941117
ITEM 0 2049287064
ITEM 3 2011319936
ITEM 4 1470474923
STEP
ITEM 4 1910412056
ITEM 1 1037586674
ITEM 0 807224420
ITEM 3 1647869572
ITEM 2 2082165425
ITEM 0 1038408747
ITEM 0 63638207
ITEM 0 1893894299
ITEM 1 314960704
ITEM 2 846315924
STEP
ITEM 2 1453517500
ITEM 3 495614804
ITEM 1 1917063618
ITEM 1 1431679958
ITEM 3 666512083
ITEM 1 39744386
ITEM 4 858053987
ITEM 0 1296411391
ITEM 4 1196434777
ITEM 2 889992322
STEP
ITEM 3 1848356684
ITEM 1 1564193814
ITEM 0 800685255
ITEM 2 766722006
ITEM 4 1276432517
ITEM 4 432590893
ITEM 0 1750229685
ITEM 2 160462876
ITEM 1 1696259382
ITEM 1 154822004
STEP
ITEM 2 573751821
ITEM 4 432905123
ITEM 0 563623681
ITEM 2 1424647982
ITEM 2 110033316
ITEM 3 792662696
ITEM 3 120437947
ITEM 0 673168680
ITEM 3 268099518
ITEM 2 972622744
STEP
ITEM 1 822124507
ITEM 0 261662999
ITEM 2 1202834601
ITEM 4 1576912699
ITEM 4 843553812
ITEM 4 818220966
ITEM 1 1142159685
ITEM 1 821411314
ITEM 4 2054055510
ITEM 3 1418846666
STEP
ITEM 1 1984264690
ITEM 2 460266586
ITEM 0 628519628
ITEM 1 351530934
ITEM 2 492653727
ITEM 4 1209340020
ITEM 1 1063446785
ITEM 0 1337649531
ITEM 3 214491193
ITEM 1 1955992963
STEP
ITEM 3 91595244
ITEM 0 1511701145
ITEM 1 838692062
ITEM 2 2026362465
ITEM 0 760111242
ITEM 0 1606116758
ITEM 4 30332106
ITEM 3 1335797700
ITEM 1 2013272812
ITEM 3 151960330
STEP
ITEM 2 1428236435
ITEM 1 474091307
ITEM 3 808959162
ITEM 2 1647236772
ITEM 1 521114427
ITEM 0 922289557
ITEM 2 61609081
ITEM 1 383889011
ITEM 3 477031687
ITEM 1 307427586
STEP
ITEM 4 420026768
ITEM 0 154205618
ITEM 0 459752307
ITEM 1 385118316
ITEM 2 1156204917
ITEM 0 1374270329
ITEM 4 2093780834
ITEM 0 69477170
ITEM 4 1102299699
ITEM 3 681084487
STEP
ITEM 0 821224835
ITEM 4 322094937
ITEM 0 660632394
ITEM 1 595130904
ITEM 3 1477951340
ITEM 3 124414320
ITEM 0 1013118841
ITEM 1 1343181282
ITEM 3 417383668
ITEM 0 883095809
STEP
ITEM 4 1539968089
ITEM 0 1412253172
ITEM 3 1186042354
ITEM 0 889286220
ITEM 3 1230189841
ITEM 2 1559983730
ITEM 3 279552506
ITEM 2 1037095130
ITEM 1 1170842466
ITEM 3 1909932940
STEP
ITEM 3 2122890931
ITEM 3 638650465
ITEM 2 323164229
ITEM 2 923055427
ITEM 3 1398906790
ITEM 4 1393683569
ITEM 1 1164018643
ITEM 3 974378168
ITEM 0 373157756
ITEM 1 2067945914
STEP
ITEM 0 389877059
ITEM 1 1600336939
ITEM 1 675369981
ITEM 1 2122037774
ITEM 4 803216111
ITEM 1 1431598844
ITEM 1 1235121681
ITEM 0 138382428
ITEM 0 500521550
ITEM 0 1572002219
STEP
ITEM 3 70245432
ITEM 0 2136882906
ITEM 4 2048443824
ITEM 4 1269684107
ITEM 0 691621788
ITEM 1 899026059
ITEM 1 697835174
ITEM 0 1168533302
ITEM 2 1596300014
ITEM 0 1679014269
STEP
STEP
ITEM 2 24908367
ITEM 4 96397825
ITEM 1 886189123
ITEM 1 546168351
ITEM 1 2132262503
ITEM 0 1081426161
ITEM 3 1981254990
ITEM 1 1151414039
ITEM 1 982333791
ITEM 3 755494728
ITEM 1 907680884
ITEM 1 536355761
ITEM 3 1505337869
STEP
ITEM 0 2039241746
ITEM 0 1709050306
ITEM 0 1550249142
ITEM 4 1917306874
ITEM 2 1573632475
ITEM 2 536335927
ITEM 3 1321475147
ITEM 3 70563754
ITEM 2 1169759818
ITEM 0 918404537
ITEM 2 104204653
ITEM 1 1275256527
ITEM 3 937146302
ITEM 0 165869504
ITEM 2 282847063
ITEM 1 1344981912
ITEM 1 885573695
STEP
ITEM 4 1400017116
ITEM 3 270252844
ITEM 2 1278977155
ITEM 4 1889926244
ITEM 3 527443507
ITEM 1 738575361
ITEM 4 773971079
ITEM 2 1023880751
ITEM 2 1781096779
ITEM 1 245492584
STEP
ITEM 3 1762100054
ITEM 4 1721382281
ITEM 1 239470692
ITEM 1 808564019
ITEM 4 1810262859
ITEM 0 693982554
ITEM 0 796320217
ITEM 3 1465966750
ITEM 1 1315940237
STEP
ITEM 2 381653103
ITEM 0 1035420123
ITEM 1 1532515664
ITEM 2 1565723749
STEP
ITEM 1 1223481492
ITEM 3 2118253063
ITEM 1 2082014530
ITEM 0 252932988
ITEM 4 635910174
ITEM 4 1408721039
ITEM 1 920493868
ITEM 2 515134291
ITEM 2 1964490910
ITEM 2 908781335
ITEM 2 1112426286
ITEM 2 109382978
ITEM 0 303471915
ITEM 4 1371017530
STEP
ITEM 3 302255813
ITEM 1 347803654
ITEM 1 6723005
ITEM 3 2013952815
ITEM 0 1885649086
ITEM 1 1619222222
ITEM 4 2034212881
ITEM 2 624535903
ITEM 4 1790836820
ITEM 1 1597879940
STEP
ITEM 1 1039306525
ITEM 0 2011258316
ITEM 1 100120853
ITEM 2 185517567
ITEM 1 1970636755
ITEM 2 606768526
ITEM 1 1871092802
ITEM 0 135114692
ITEM 1 669907536
ITEM 0 913532743
ITEM 2 1946179983
ITEM 3 487678487
ITEM 2 1483789690
STEP
ITEM 2 2110559904
ITEM 0 859297939
ITEM 3 2009983858
ITEM 0 2049418878
ITEM 1 27009361
ITEM 2 48139823
ITEM 0 915810165
ITEM 0 1210729006
ITEM 2 994817989
ITEM 1 283506900
STEP
ITEM 4 29072541
ITEM 0 533457980
ITEM 4 1589569643
ITEM 4 19418263
ITEM 2 897719468
ITEM 1 926013929
ITEM 0 546501324
ITEM 4 2026569773
ITEM 4 1050902887
ITEM 1 74312112
STEP
ITEM 3 188037915
ITEM 2 1373918348
ITEM 4 1902900610
ITEM 3 1704334354
ITEM 3 555973242
ITEM 0 2034141879
ITEM 0 1506109746
ITEM 1 1487331482
ITEM 2 1034973389
ITEM 0 241244911
STEP
ITEM 2 1371032277
ITEM 3 1211810608
ITEM 0 2134027971
ITEM 1 980097861
STEP
ITEM 1 182593813
ITEM 2 1395781770
ITEM 1 1518320266
ITEM 4 1110652754
ITEM 3 1046382183
ITEM 3 890675053
ITEM 4 488088331
ITEM 0 1284628785
ITEM 2 1918531062
ITEM 4 878674116
ITEM 4 1205115229
ITEM 0 629710024
ITEM 1 675070115
ITEM 4 1954787700
ITEM 0 2129331229
ITEM 2 1399655534
STEP
ITEM 1 722152108
ITEM 0 1819313854
ITEM 1 1378491954
ITEM 1 1256302376
ITEM 1 1420555921
ITEM 1 665012737
ITEM 0 430120093
ITEM 0 157227311
ITEM 3 2010504024
ITEM 0 1094275557
STEP
ITEM 1 1305387398
ITEM 0 36815512
ITEM 4 602985493
ITEM 4 1755623865
ITEM 1 1614642189
ITEM 1 466077177
ITEM 3 528861553
ITEM 2 499250507
ITEM 0 2139309617
ITEM 1 757136562
STEP
ITEM 0 600895298
ITEM 4 559888424
ITEM 1 200358785
ITEM 3 571493879
ITEM 4 1307036845
ITEM 0 294966741
ITEM 3 1695004766
ITEM 1 185035979
ITEM 3 1650100511
ITEM 0 1738424820
STEP
ITEM 0 1628018345
ITEM 1 1447961429
ITEM 4 936373133
ITEM 2 953912317
ITEM 2 1530039881
ITEM 1 883125598
ITEM 2 1406422244
ITEM 0 828667343
ITEM 1 1735903765
ITEM 0 1115718010
STEP
ITEM 0 1505387123
ITEM 4 451965058
ITEM 1 352995531
ITEM 4 1342870691
ITEM 3 1800075906
ITEM 2 873725134
ITEM 3 1803203538
ITEM 3 632485069
ITEM 1 807114791
ITEM 1 884191422
STEP
ITEM 3 1608286928
ITEM 0 1702451445
ITEM 3 1353616642
ITEM 2 2101928729
ITEM 4 1464659618
ITEM 2 611904415
ITEM 1 228694814
ITEM 0 356725959
ITEM 1 601792405
ITEM 3 1858880418
STEP
ITEM 4 880977503
ITEM 1 1407862097
ITEM 3 1794700555
ITEM 0 1103325189
ITEM 4 816854699
ITEM 0 1939142510
ITEM 1 2074838517
ITEM 3 1625246578
ITEM 4 568162831
ITEM 1 550522246
STEP
ITEM 4 909174554
ITEM 1 936781906
ITEM 0 2112833265
ITEM 4 1936461388
ITEM 0 1720111824
ITEM 3 1926730904
ITEM 4 1971681567
ITEM 4 1230040591
ITEM 3 541321016
ITEM 1 49990044
STEP
ITEM 2 619820090
ITEM 1 343743722
ITEM 2 1505557353
ITEM 1 669232857
ITEM 3 566737920
ITEM 2 1778856027
ITEM 4 1010623563
ITEM 0 2075291246
ITEM 3 647281161
ITEM 2 1507742369
STEP
ITEM 0 416265639
ITEM 2 31130236
ITEM 2 1322703978
ITEM 3 681646205
ITEM 3 1484091185
ITEM 1 1143697474
ITEM 3 837198238
ITEM 2 1910266748
ITEM 0 1111102342
ITEM 4 300935474
STEP
ITEM 2 1401792306
ITEM 2 738004935
ITEM 0 878489035
ITEM 3 877782181
ITEM 2 1815211305
ITEM 3 981167398
ITEM 2 591443484
ITEM 1 1074920715
ITEM 3 1331297638
ITEM 4 429168935
STEP
ITEM 1 1447978287
ITEM 3 706969082
ITEM 3 1248990095
ITEM 4 1981822013
ITEM 0 1714134162
ITEM 1 1077478518
ITEM 4 2093607764
ITEM 4 2116924787
ITEM 2 947784803
ITEM 1 314807442
STEP
ITEM 3 215951870
ITEM 1 2116351493
ITEM 2 685363288
ITEM 0 874020110
ITEM 4 1596684757
ITEM 0 1078012995
ITEM 3 1605067594
ITEM 2 1438137802
ITEM 2 1119987777
ITEM 4 1618068381
STEP
ITEM 2 283926748
ITEM 4 785024601
ITEM 1 1675762091
ITEM 4 2122370420
ITEM 3 1964888810
ITEM 0 1410587623
ITEM 0 1188555804
ITEM 1 1054264166
ITEM 4 2041449273
ITEM 4 26390840
STEP
ITEM 0 1162497830
ITEM 4 441777375
ITEM 0 486025610
ITEM 4 116108061
ITEM 3 343154589
ITEM 1 904301296
ITEM 2 1863237584
ITEM 1 897983964
ITEM 4 1359974088
ITEM 2 946203829
STEP
ITEM 0 1689705372
ITEM 2 1935609827
ITEM 3 797826066
ITEM 4 492183455
ITEM 0 679874789
ITEM 1 142898227
ITEM 1 1317597697
ITEM 3 1307467326
ITEM 3 1916330693
ITEM 1 148315885
STEP
ITEM 0 1349396476
ITEM 3 1490241439
ITEM 3 6561603
ITEM 2 1706764330
ITEM 1 10923347
ITEM 2 888493137
ITEM 2 451486007
ITEM 0 686393264
ITEM 3 1506032427
ITEM 1 1255510067
STEP
ITEM 3 2089203943
ITEM 3 1386200696
ITEM 3 1815364801
ITEM 3 594159695
ITEM 2 1350037908
ITEM 2 907270203
ITEM 0 388393372
ITEM 3 218358859
ITEM 3 625900235
ITEM 0 156553056
STEP
ITEM 4 65850814
ITEM 0 1275279288
ITEM 4 740071494
ITEM 4 2070051960
ITEM 3 1017050988
ITEM 1 2144117725
ITEM 4 1884548307
ITEM 1 1101983608
ITEM 3 623929355
ITEM 0 633289709
STEP
ITEM 3 1889489625
ITEM 2 1173983537
ITEM 1 199222643
ITEM 3 1613200074
ITEM 0 1338131137
ITEM 3 643966994
ITEM 4 574839965
ITEM 3 1528845428
ITEM 4 665395219
ITEM 2 1669396397
STEP
ITEM 1 482635327
ITEM 2 690202691
ITEM 1 2026687347
ITEM 2 1891444049
ITEM 3 1635821972
ITEM 2 1092897406
ITEM 0 1059865673
ITEM 1 1938189759
ITEM 2 530563049
ITEM 4 247817951
STEP
ITEM 2 291707650
ITEM 2 1513263470
ITEM 4 411677782
ITEM 3 811165624
ITEM 3 609073484
ITEM 1 2114350358
ITEM 2 1025147164
ITEM 0 1691023922
ITEM 4 284978161
ITEM 3 1339280838
STEP
ITEM 4 1685626011
ITEM 4 1705049884
ITEM 0 1929783630
ITEM 3 342800858
ITEM 0 422918591
ITEM 1 2030572270
ITEM 4 1010900469
ITEM 4 2145589459
ITEM 4 1386117354
ITEM 3 1067723282
STEP
ITEM 1 1889791177
ITEM 1 1128080777
ITEM 4 1384386354
ITEM 0 808084135
ITEM 2 1903797621
ITEM 1 868118956
ITEM 1 757541074
ITEM 1 797811693
ITEM 3 1363841727
ITEM 2 774528015
STEP
ITEM 2 825924282
ITEM 1 1180359513
ITEM 3 1286838177
ITEM 2 1997874823
ITEM 0 346916746
ITEM 2 1065783293
ITEM 1 768629635
ITEM 4 153424282
ITEM 4 863121997
ITEM 2 1518648333
STEP
ITEM 0 1004530081
ITEM 4 1067695628
ITEM 4 804929912
ITEM 1 570443953
ITEM 4 47439800
ITEM 0 734868945
ITEM 0 1257830583
ITEM 1 631763184
ITEM 2 1259524411
ITEM 3 1624132389
STEP
ITEM 4 1124495649
ITEM 4 1048782407
ITEM 0 1747010192
ITEM 3 1834195103
ITEM 4 1706826392
ITEM 0 825817907
ITEM 3 589401586
ITEM 1 1058781295
ITEM 2 275637967
ITEM 1 1639880019
STEP
ITEM 1 373012171
ITEM 2 1124619787
ITEM 2 1576454436
ITEM 0 1650878673
ITEM 3 947905656
ITEM 0 171814334
ITEM 1 1677609782
ITEM 1 528737332
ITEM 4 2045212608
ITEM 4 968577190
STEP
ITEM 2 1367304363
ITEM 3 616795354
ITEM 4 654193916
ITEM 4 660348965
ITEM 4 733735019
ITEM 2 2009718706
ITEM 4 1860413347
ITEM 4 623908539
ITEM 4 491723903
ITEM 1 491681486
STEP
ITEM 0 133275917
ITEM 3 409252271
ITEM 0 1011822206
ITEM 1 1839157350
ITEM 3 74777384
ITEM 0 678717359
ITEM 1 2041899392
ITEM 2 791607630
ITEM 1 1129946797
ITEM 4 743060191
STEP
ITEM 2 21530805
ITEM 2 1065558798
ITEM 1 1972712023
ITEM 3 1856836970
ITEM 3 945778224
ITEM 4 1544540289
ITEM 1 1991434631
ITEM 0 1960155845
ITEM 1 18063023
ITEM 3 1862012188
ITEM 2 1509364447
ITEM 2 1224200705
ITEM 0 170180386
ITEM 0 794424521
ITEM 3 1734102629
ITEM 3 1653318400
ITEM 3 279296686
ITEM 4 1877041650
ITEM 3 269046636
ITEM 3 1024776773
STEP
ITEM 4 2041353342
ITEM 2 1510671970
ITEM 1 1590492463
ITEM 2 579392809
ITEM 2 1234586258
ITEM 3 25956544
ITEM 1 304602487
ITEM 0 177886310
ITEM 0 1429971431
ITEM 3 1966636087
ITEM 3 80852849
ITEM 3 1856365261
ITEM 2 1126501539
ITEM 4 1761777410
ITEM 1 1748041621
ITEM 2 1982065620
ITEM 2 1832859039
ITEM 4 2045699170
ITEM 0 83229738
ITEM 2 247864851
STEP
ITEM 3 372807401
ITEM 2 1271167939
ITEM 4 1997402331
ITEM 3 1711954742
ITEM 1 1960349722
ITEM 0 1102040172
ITEM 0 1565173101
ITEM 2 1662605914
ITEM 0 1219722621
ITEM 0 870244189
ITEM 3 1343490027
ITEM 3 1295884187
ITEM 0 1471380861
ITEM 4 1481533320
ITEM 0 2067986291
ITEM 1 860344453
ITEM 2 293202424
ITEM 3 473230754
ITEM 3 75666356
ITEM 2 814400132
STEP
ITEM 1 1719250823
ITEM 4 1288894075
ITEM 4 1999933274
ITEM 4 855215047
ITEM 3 1815922894
ITEM 2 175924347
STEP
ITEM 2 1719323954
ITEM 4 1778240665
ITEM 2 664123726
ITEM 2 256245354
ITEM 3 1278983308
ITEM 3 4589922
ITEM 1 515026948
ITEM 3 1548401910
ITEM 1 1058017242
ITEM 3 1616724530
ITEM 0 1738251731
ITEM 2 1780376189
ITEM 1 78633734
ITEM 3 247908365
ITEM 0 1512663159
ITEM 0 596254989
ITEM 2 790017411
ITEM 2 890634874
ITEM 4 1431569212
ITEM 0 2021105951
ITEM 4 801940576
ITEM 2 1127093360
ITEM 4 1481404196
ITEM 1 87342093
ITEM 2 1890521562
ITEM 4 993505987
ITEM 2 610349775
ITEM 4 291932840
ITEM 2 391057766
ITEM 3 102754119
ITEM 1 195685993
ITEM 3 1028261558
ITEM 0 1867966300
ITEM 1 1042016828
STEP
ITEM 4 570474415
ITEM 3 184004339
ITEM 0 201649552
ITEM 2 430541652
ITEM 2 349262074
ITEM 1 501080213
ITEM 0 1194925534
ITEM 1 811805158
ITEM 3 471952561
ITEM 0 636992381
ITEM 3 433433468
ITEM 1 1142347515
ITEM 3 196136463
ITEM 2 1811899374
ITEM 1 64229205
ITEM 1 418803312
ITEM 1 572470723
STEP
STEP
ITEM 3 25669100
ITEM 1 766209259
ITEM 1 1668897841
ITEM 0 371750400
ITEM 1 493061112
ITEM 0 321397105
ITEM 4 963713904
ITEM 3 1280484516
ITEM 4 110164694
ITEM 0 1056992653
ITEM 1 373026179
ITEM 2 515091118
ITEM 2 74312288
ITEM 4 1253703274
ITEM 1 1554849216
ITEM 4 233543213
ITEM 2 644688583
ITEM 4 850820097
ITEM 1 1302549576
ITEM 0 1849438015
ITEM 4 1900452142
ITEM 2 614535631
ITEM 3 1229190524
ITEM 3 1527595380
ITEM 1 302709548
ITEM 3 1722348537
ITEM 0 1936678395
ITEM 3 1305387443
ITEM 0 1648376505
STEP
ITEM 1 1972033122
ITEM 3 725332666
ITEM 4 1308523511
ITEM 4 1439682946
ITEM 3 820766897
ITEM 0 161052951
ITEM 1 1740052768
ITEM 0 1931673059
ITEM 4 965592089
ITEM 3 979312863
ITEM 1 706462952
ITEM 0 545654554
ITEM 0 82597764
ITEM 2 1514253572
ITEM 1 1233725248
ITEM 2 882723500
ITEM 1 910005595
ITEM 1 1050605990
ITEM 2 1968608946
ITEM 4 568497927
ITEM 4 708672148
ITEM 0 1159299981
ITEM 2 169807030
ITEM 2 1386939356
ITEM 4 1479910461
ITEM 1 1718297315
STEP
ITEM 3 392417785
ITEM 0 1805260893
ITEM 4 1790345138
ITEM 3 775705972
ITEM 1 1203794586
ITEM 4 679180671
ITEM 2 766395105
STEP
ITEM 2 877383517
ITEM 0 1866331523
ITEM 4 1194576075
ITEM 4 1614975212
ITEM 4 940705114
ITEM 1 1301016629
ITEM 0 1114926730
ITEM 1 563149416
ITEM 4 1993089081
ITEM 2 617524365
ITEM 0 964599068
ITEM 0 285964581
ITEM 1 828118979
ITEM 2 710053000
ITEM 0 1586755126
ITEM 4 1810747077
ITEM 3 76661720
ITEM 2 122950646
ITEM 4 1277315209
ITEM 0 392572943
ITEM 0 1787049478
ITEM 3 1728294573
ITEM 1 1128298113
ITEM 1 1212264314
ITEM 4 870277478
ITEM 2 123748987
ITEM 2 991825204
STEP
ITEM 1 1052930762
ITEM 2 1564919439
ITEM 3 1961975454
ITEM 4 1841536396
ITEM 2 1143341600
ITEM 2 754206197
ITEM 4 690376598
ITEM 3 138319367
ITEM 1 1657947853
ITEM 4 1314010892
ITEM 3 871509416
ITEM 1 1417033841
ITEM 4 594229163
ITEM 3 1455303072
ITEM 1 856277567
ITEM 2 1809385857
ITEM 1 2042571956
ITEM 3 237879589
ITEM 1 1537458255
ITEM 1 1312473284
ITEM 2 1508537706
ITEM 4 1199450295
ITEM 0 403882700
ITEM 1 1194473303
ITEM 3 1105425001
ITEM 2 802505496
ITEM 3 742238302
ITEM 3 1120772501
ITEM 4 1582178167
ITEM 1 456301148
ITEM 0 510987284
ITEM 2 1117784986
ITEM 3 80156145
ITEM 0 1629680019
STEP
ITEM 3 868676847
ITEM 1 2103781133
ITEM 3 72556173
ITEM 4 1109573936
ITEM 2 1419187473
ITEM 4 1030984321
ITEM 0 1215661720
ITEM 4 1986322387
ITEM 1 1033149809
ITEM 3 1303895597
ITEM 3 1867922481
ITEM 4 533400117
ITEM 0 699836644
ITEM 2 794710955
ITEM 0 1983215965
ITEM 0 1897348876
ITEM 1 1125626543
ITEM 2 765083479
ITEM 0 1846488500
ITEM 4 1222683115
STEP
ITEM 4 989335306
ITEM 1 1424929640
ITEM 0 2077918730
ITEM 3 1903793351
ITEM 1 973749046
ITEM 3 1941623387
ITEM 3 1888737069
ITEM 1 1651547724
ITEM 3 19157645
ITEM 3 803588103
ITEM 3 1992664702
ITEM 1 1459346454
ITEM 0 822391912
ITEM 2 327426090
ITEM 1 1661515460
ITEM 2 1678052667
ITEM 1 957852944
ITEM 4 1006766534
ITEM 3 101209308
ITEM 3 708134453
STEP
ITEM 2 533259821
ITEM 3 1447400318
ITEM 3 1511035532
ITEM 3 92977037
ITEM 2 1604216734
ITEM 2 1849307885
ITEM 1 421380509
ITEM 1 886432600
ITEM 1 723031196
ITEM 0 1900434691
ITEM 1 1192443603
ITEM 0 272316996
ITEM 4 629796379
ITEM 4 1959820109
ITEM 1 369207925
ITEM 2 1488273430
ITEM 3 305018820
ITEM 4 1816557145
ITEM 2 449781915
ITEM 1 1180988855
STEP
ITEM 0 1322452107
ITEM 3 762881469
ITEM 0 1319995451
ITEM 3 551629772
ITEM 2 180307108
ITEM 2 759357145
ITEM 0 1311858729
ITEM 2 2022512908
ITEM 3 1992032559
ITEM 1 1031949171
ITEM 3 642743019
ITEM 3 1016818720
ITEM 2 688534870
ITEM 3 1270060141
ITEM 4 1463280190
ITEM 2 243759456
ITEM 3 1225634166
ITEM 2 1135659049
ITEM 0 1411405358
ITEM 1 2097383624
STEP
ITEM 3 141872685
ITEM 0 1295076329
ITEM 4 1663762271
ITEM 3 297232489
ITEM 2 941402742
ITEM 3 300852743
ITEM 1 1039870094
ITEM 1 167141932
ITEM 2 812556261
ITEM 3 47676650
ITEM 3 730619630
ITEM 2 1147037530
ITEM 0 798398085
ITEM 3 1455715876
ITEM 4 1164461374
ITEM 1 283417117
ITEM 1 101402070
ITEM 3 605536523
ITEM 0 1151570635
ITEM 4 2098675843
STEP
ITEM 3 943489883
ITEM 1 1013936900
ITEM 2 1469007086
ITEM 2 2120233537
ITEM 3 1366192704
ITEM 1 1225343997
ITEM 0 1159260673
ITEM 3 375757293
ITEM 4 57259271
ITEM 0 609154836
ITEM 2 1792585123
ITEM 1 504087652
ITEM 3 565512718
ITEM 1 1517964670
ITEM 4 1996545025
ITEM 2 668190614
ITEM 4 276019043
ITEM 4 1879417970
ITEM 4 1494995485
ITEM 1 2059785105
STEP
ITEM 0 1079599618
ITEM 4 1242021213
ITEM 2 1429129203
ITEM 1 1494317857
ITEM 4 1634797099
ITEM 4 816606003
ITEM 0 1003981254
ITEM 2 180752891
ITEM 1 484857389
ITEM 1 1010872720
ITEM 0 620250857
ITEM 1 1819966691
ITEM 2 2138201240
ITEM 3 152673019
ITEM 4 2052171516
ITEM 4 1764088922
ITEM 0 1502379568
ITEM 4 1726293119
ITEM 1 123264247
ITEM 3 1929226629
STEP
ITEM 4 549730387
ITEM 2 84226463
ITEM 4 522675986
ITEM 0 2122755714
ITEM 4 97145712
ITEM 3 1681677069
ITEM 3 804943327
ITEM 0 325566600
ITEM 0 486184000
ITEM 1 999926703
ITEM 0 1790890494
ITEM 4 1026914331
ITEM 3 1735946040
ITEM 4 737832896
ITEM 1 845744406
ITEM 1 1290559631
ITEM 3 2061520189
ITEM 4 1210362428
ITEM 1 709112413
ITEM 4 388441626
STEP
ITEM 3 401810654
ITEM 0 2088719496
ITEM 2 1838441559
ITEM 0 1000801915
ITEM 0 280383666
ITEM 4 2089720970
ITEM 2 1278731684
ITEM 4 643247738
ITEM 1 1714318126
ITEM 0 923668004
ITEM 0 1650694959
ITEM 1 899802192
ITEM 4 264195603
ITEM 0 1035565501
ITEM 1 268042409
ITEM 0 2011614782
ITEM 3 943236371
ITEM 2 1383677950
ITEM 2 898060503
ITEM 2 828089572
STEP
ITEM 2 540668167
ITEM 0 629656819
ITEM 2 2082558903
ITEM 1 842374844
ITEM 2 1691708219
ITEM 3 380798839
ITEM 4 1768288566
ITEM 0 839965017
ITEM 0 1307141060
ITEM 2 1442980529
ITEM 2 1663762891
ITEM 0 1338957710
ITEM 1 1710422635
ITEM 2 1099719549
ITEM 2 1107616143
ITEM 2 1808293231
ITEM 1 1499437989
ITEM 4 1890940858
ITEM 0 948638314
ITEM 2 1205515830
STEP
ITEM 0 2028004067
ITEM 3 348901802
ITEM 0 1120837837
ITEM 1 670805023
ITEM 0 67703127
ITEM 1 1366373597
ITEM 4 1043786700
ITEM 0 1500333512
ITEM 2 2045327378
ITEM 4 1377687462
ITEM 4 2142464315
ITEM 4 306879485
ITEM 1 62476090
ITEM 3 1757287191
ITEM 4 2137338290
ITEM 3 1002618916
ITEM 3 1955300842
ITEM 0 1520713086
ITEM 3 1726403037
ITEM 4 1998459655
STEP
ITEM 1 1387456487
ITEM 0 1131047714
ITEM 1 273600220
ITEM 3 1022955538
ITEM 0 314043841
ITEM 2 512339378
ITEM 4 1002140079
ITEM 1 759530289
ITEM 4 1459154567
ITEM 3 1523695278
ITEM 1 1699098690
ITEM 2 1043172308
ITEM 3 1091932006
ITEM 0 1404512925
ITEM 0 70245012
ITEM 4 944533559
ITEM 4 1238501182
ITEM 2 1528771587
ITEM 3 869268343
ITEM 3 1268533946
STEP
ITEM 0 1732244172
ITEM 4 649552903
ITEM 4 466334129
ITEM 2 567330260
ITEM 1 950351807
ITEM 4 942415251
ITEM 1 158439727
ITEM 4 1498919264
ITEM 2 1574269817
ITEM 1 1849264507
ITEM 1 1813343782
ITEM 0 145521259
ITEM 0 799323844
ITEM 1 1602776895
ITEM 3 1546783220
ITEM 1 269866480
ITEM 3 1157299101
ITEM 3 2059939810
ITEM 1 1203130435
ITEM 1 1805248649
STEP
STEP
ITEM 1 1269657199
ITEM 1 1219459602
ITEM 1 1042174126
ITEM 0 1914132497
ITEM 2 46110155
ITEM 3 606862009
ITEM 1 811601681
ITEM 3 48919173
ITEM 1 1145182269
ITEM 4 981461
ITEM 4 2097158800
ITEM 3 2022739870
ITEM 3 2084104127
ITEM 2 92076434
ITEM 0 1066557940
ITEM 1 3693339
ITEM 0 494131472
ITEM 3 1397885283
ITEM 4 1801042446
ITEM 3 611405456
ITEM 0 1246859911
ITEM 0 308501894
ITEM 0 1142287885
ITEM 0 1910835557
ITEM 4 1222347346
STEP
ITEM 0 1720933380
ITEM 3 81696067
ITEM 3 736803304
ITEM 1 1185857300
ITEM 3 1360448046
ITEM 4 997790562
ITEM 3 1176382747
ITEM 4 803128270
ITEM 4 2079545528
ITEM 2 1665224260
ITEM 3 1270275555
ITEM 4 1223613923
ITEM 2 324765016
ITEM 4 833072256
ITEM 4 174030028
ITEM 0 2000038092
ITEM 3 1041202222
ITEM 2 917111762
ITEM 2 608713118
ITEM 2 1825040630
ITEM 2 1666498222
STEP
ITEM 1 1277375150
ITEM 4 239630690
ITEM 2 1266219089
ITEM 3 1839340374
ITEM 0 1643439879
ITEM 0 1791101183
ITEM 3 1541240800
ITEM 0 1936276233
ITEM 3 187446530
ITEM 1 1973523424
ITEM 1 636477434
ITEM 2 1916717899
ITEM 3 723610419
ITEM 2 1555509810
ITEM 2 2048295215
ITEM 4 2062669956
ITEM 3 927489099
ITEM 1 1015394432
ITEM 4 765189654
ITEM 4 2024156899
ITEM 3 1924824867
ITEM 0 1660410167
ITEM 1 1945518128
ITEM 0 936847459
ITEM 0 937561210
ITEM 1 1202892408
ITEM 3 475805213
ITEM 4 1909155776
ITEM 4 144236856
ITEM 1 508775608
ITEM 0 1397272232
ITEM 3 1789905837
ITEM 1 1524468037
ITEM 4 391996759
STEP
ITEM 1 1606606924
ITEM 4 1138964260
ITEM 3 1571852768
ITEM 1 2105180998
ITEM 3 2040809178
ITEM 2 656367144
ITEM 2 1729698458
ITEM 1 284721228
ITEM 0 1165657451
ITEM 2 1594879458
ITEM 4 904850453
ITEM 3 1640205743
ITEM 3 69883536
ITEM 4 974457866
ITEM 2 852533202
ITEM 2 1519234049
ITEM 0 332501193
ITEM 1 1624426648
ITEM 0 874412133
ITEM 2 164751409
STEP
ITEM 2 1232799309
ITEM 4 420098890
ITEM 2 531955715
ITEM 4 1054100357
ITEM 0 1526877421
ITEM 0 2078129471
ITEM 2 519460097
ITEM 1 153254936
ITEM 0 1839264111
ITEM 3 1170291755
ITEM 4 258208050
ITEM 3 58492411
ITEM 3 1533744328
ITEM 3 2055595628
ITEM 2 245551870
ITEM 2 254074088
ITEM 0 389896421
ITEM 1 537086370
ITEM 3 1863997153
ITEM 4 931347959
STEP
ITEM 0 765497369
ITEM 4 1293424238
ITEM 2 1909401002
STEP
ITEM 2 1939113584
ITEM 2 1432443250
ITEM 2 245609512
ITEM 0 516515668
ITEM 3 1370216629
ITEM 0 1844019554
ITEM 3 529392345
ITEM 2 1497741367
ITEM 2 1486973203
ITEM 2 1047560832
ITEM 1 1271832316
ITEM 1 1509668624
ITEM 1 1625922213
ITEM 0 610129424
ITEM 0 1113148956
ITEM 1 1710060372
ITEM 1 1746753294
ITEM 1 991933384
ITEM 2 2031478406
ITEM 2 450097161
ITEM 0 1931682516
STEP
ITEM 0 566603280
ITEM 3 1533379976
ITEM 3 157238281
ITEM 0 1807669149
ITEM 3 1346016834
ITEM 2 432770484
ITEM 1 1525354822
ITEM 0 1422033471
ITEM 3 645257463
ITEM 3 2101030902
ITEM 0 113629504
ITEM 0 1372122192
ITEM 0 160288726
ITEM 1 349779974
ITEM 3 804557685
ITEM 4 537290357
ITEM 1 1170122986
ITEM 0 866798744
ITEM 3 398740762
ITEM 4 1582925328
ITEM 3 1562871082
ITEM 1 2050779623
ITEM 1 139764231
ITEM 1 224592390
ITEM 1 754068369
ITEM 4 678289106
ITEM 4 309530847
STEP
ITEM 3 208099654
ITEM 4 183132398
ITEM 1 1466902943
ITEM 3 1859372974
ITEM 3 241705682
ITEM 3 1779363235
STEP
ITEM 3 2054017227
ITEM 1 2058255351
ITEM 0 1873608130
ITEM 4 64634694
ITEM 4 900903719
ITEM 4 1882206059
ITEM 1 127727820
ITEM 2 1382185515
ITEM 2 1216021498
ITEM 3 1900119445
ITEM 0 608175518
ITEM 1 1109423749
ITEM 3 150956449
ITEM 3 1673813314
ITEM 2 260340053
ITEM 3 61753927
ITEM 0 474247947
ITEM 3 1427287327
STEP
ITEM 2 1054690527
ITEM 2 161362160
ITEM 0 1330063270
ITEM 3 411810276
ITEM 1 2040734023
ITEM 4 1693324091
ITEM 4 400815791
ITEM 0 1285867341
ITEM 0 1619895387
ITEM 1 1237977448
ITEM 4 1792605226
ITEM 0 1608867057
ITEM 1 130123342
ITEM 0 807816353
ITEM 0 347176025
ITEM 0 1531691782
ITEM 1 2000505280
ITEM 2 872967024
ITEM 4 1929631232
ITEM 1 342950014
ITEM 2 722332638
ITEM 0 106108906
ITEM 1 403436752
ITEM 3 924540454
ITEM 3 22928660
ITEM 2 431674814
ITEM 3 89384669
ITEM 0 742222554
ITEM 4 1047805607
ITEM 1 1071578335
ITEM 0 725369516
ITEM 2 115089462
ITEM 3 286363503
ITEM 4 1921907236
ITEM 3 2047033180
ITEM 3 324739054
ITEM 0 1218712561
ITEM 0 1774699376
ITEM 1 884984559
ITEM 2 543158725
ITEM 4 1906438125
ITEM 2 1620370820
ITEM 4 843791505
ITEM 2 772056794
ITEM 2 191910417
STEP
ITEM 2 528110683
ITEM 0 2066495550
ITEM 0 1977383821
ITEM 2 1438721365
ITEM 3 1014024529
ITEM 1 1270431880
ITEM 0 1692769225
ITEM 0 51725548
ITEM 1 841174776
ITEM 1 1286980956
ITEM 1 190539665
ITEM 0 67104921
ITEM 4 453400811
ITEM 3 292500875
ITEM 0 231372818
ITEM 2 193833382
ITEM 2 421383671
ITEM 4 1011430248
ITEM 3 1469946567
ITEM 2 1387895550
STEP
ITEM 2 1363757249
ITEM 1 542408553
ITEM 3 1076123640
ITEM 4 1367399931
ITEM 3 56331428
STEP
ITEM 2 1815073315
ITEM 4 1849196861
ITEM 4 1836657929
ITEM 2 2005421555
ITEM 1 1836611376
ITEM 2 1490278654
ITEM 3 1732843035
ITEM 1 1929615891
ITEM 2 1188367078
ITEM 2 1486088716
ITEM 3 1482613490
ITEM 2 853132776
ITEM 1 159768348
ITEM 0 750404406
ITEM 0 2022087843
ITEM 1 1319932998
ITEM 4 1062458086
ITEM 4 487567178
ITEM 1 1976465306
ITEM 4 325653399
ITEM 2 833821219
ITEM 3 1089335917
ITEM 0 1304115674
ITEM 3 329365572
ITEM 2 929945653
ITEM 2 426996228
ITEM 2 195495601
ITEM 3 471978675
ITEM 3 974598347
ITEM 2 1377083976
ITEM 2 1132839976
ITEM 0 1996818335
ITEM 1 1283127508
ITEM 4 372457350
ITEM 0 1965988775
STEP
ITEM 0 151389045
ITEM 1 582269144
ITEM 3 1993542675
ITEM 0 2051688836
ITEM 3 52669795
ITEM 2 1324289699
ITEM 4 252303184
ITEM 4 1746696280
ITEM 3 1718794705
ITEM 1 1994752247
ITEM 1 2075585075
ITEM 0 1279995805
ITEM 3 1646152590
ITEM 1 321610489
ITEM 0 1434242137
ITEM 2 1303529006
ITEM 0 1493969690
ITEM 1 1763373521
ITEM 2 544740406
ITEM 4 596761357
STEP
ITEM 0 37751463
ITEM 3 223080666
ITEM 2 1215787510
ITEM 2 683508561
ITEM 0 1691111147
ITEM 0 221772443
ITEM 2 1406421107
ITEM 0 396942763
ITEM 2 595983569
ITEM 3 1092117453
ITEM 4 188338090
ITEM 3 1841999366
ITEM 2 424167229
ITEM 4 1838675096
ITEM 2 1102826161
ITEM 2 2063780516
ITEM 0 567718791
ITEM 1 1554233834
ITEM 3 973849647
ITEM 1 2138282156
STEP
ITEM 3 1907096633
ITEM 4 1981011879
ITEM 3 1010636712
ITEM 0 1327082418
ITEM 1 1610461906
ITEM 4 1876254803
ITEM 2 485253713
ITEM 2 1353098659
ITEM 0 1099825600
ITEM 4 1903323968
ITEM 3 1880476883
ITEM 0 1456463026
ITEM 2 1148499841
ITEM 0 2055569903
ITEM 3 1940969307
ITEM 1 926983673
ITEM 4 148951040
ITEM 3 1890665893
ITEM 4 1622430889
ITEM 1 1381427320
STEP
ITEM 3 1670993383
ITEM 0 1859190021
ITEM 1 868858711
ITEM 3 71967897
ITEM 1 1010722198
ITEM 1 1147128728
ITEM 2 1500747097
ITEM 3 1806057976
ITEM 1 1194486141
ITEM 2 1888659102
ITEM 3 924467872
ITEM 2 511210050
ITEM 3 1187745229
ITEM 3 1673629296
ITEM 2 1318013007
ITEM 3 914987687
ITEM 0 175746726
ITEM 2 292364708
ITEM 3 1144760472
ITEM 1 2003280057
STEP
ITEM 0 744808920
ITEM 2 2132866545
ITEM 3 1289781791
ITEM 0 2050456291
ITEM 0 1761113854
ITEM 4 255053098
ITEM 1 1321337401
ITEM 1 1481000726
ITEM 3 1874728245
ITEM 3 995273761
ITEM 2 1907053582
ITEM 0 1391599437
ITEM 0 548665287
ITEM 4 148561322
ITEM 2 704799132
ITEM 2 1364319988
ITEM 3 308433268
ITEM 0 841653848
ITEM 3 1136775538
ITEM 0 1419472215
STEP
ITEM 2 2141364816
ITEM 3 810339104
ITEM 1 1261951556
ITEM 4 1496405247
ITEM 0 970566390
ITEM 0 1438784041
ITEM 1 1339343790
ITEM 1 390240175
ITEM 4 191817265
ITEM 1 1367584357
ITEM 1 995966799
ITEM 2 1872997054
ITEM 1 1050048153
ITEM 0 9677011
ITEM 3 632342321
ITEM 0 174585474
ITEM 2 930059194
ITEM 0 317797811
ITEM 2 866715502
ITEM 4 385228982
STEP
ITEM 2 982922678
ITEM 0 477240242
ITEM 1 524267164
ITEM 0 255608422
ITEM 0 137729220
ITEM 3 2105441055
ITEM 2 1563708548
ITEM 0 1122504059
ITEM 0 1692800732
ITEM 3 914512101
ITEM 1 1966891204
ITEM 4 1663794486
ITEM 0 233141662
ITEM 4 227869559
ITEM 2 1894622923
ITEM 3 413715653
ITEM 0 1043995226
ITEM 4 1102761293
ITEM 4 503091930
ITEM 3 647247223
STEP
ITEM 2 1006596852
ITEM 1 609606852
ITEM 3 119832153
ITEM 3 1254638651
ITEM 3 2108595217
ITEM 1 1913917134
ITEM 3 70583282
ITEM 2 1646023889
ITEM 3 1979494916
ITEM 4 232750378
ITEM 2 194750032
ITEM 1 598384248
ITEM 1 1452740561
ITEM 2 828805200
ITEM 3 141292680
ITEM 1 1282772643
ITEM 0 563677355
ITEM 4 434401595
ITEM 2 1924761341
ITEM 1 362846564
STEP
ITEM 3 625215659
ITEM 0 1274073796
ITEM 2 625559282
ITEM 3 437295079
ITEM 2 108182478
ITEM 0 770000324
ITEM 3 1297967757
ITEM 2 1632957557
ITEM 3 1001852274
ITEM 0 544370356
ITEM 2 126401033
ITEM 4 1212533621
ITEM 0 373176476
ITEM 2 419020720
ITEM 3 657334462
ITEM 2 1468860988
ITEM 4 1884679428
ITEM 0 2054912983
ITEM 2 1925076948
ITEM 1 692600130
STEP
ITEM 2 140736077
ITEM 0 868348616
ITEM 1 101928563
ITEM 2 649696949
ITEM 3 1818070147
ITEM 4 1953095063
ITEM 4 1842332991
ITEM 0 1579360188
ITEM 0 1035859514
ITEM 4 651872677
ITEM 0 1762095012
ITEM 0 64059179
ITEM 4 470239556
ITEM 3 864313021
ITEM 4 445248645
ITEM 3 937094852
ITEM 0 1365810599
ITEM 3 997039911
ITEM 0 495201814
ITEM 1 55646442
STEP
ITEM 4 682750176
ITEM 1 1416553898
ITEM 3 2086890062
ITEM 4 1169864524
ITEM 1 1001205169
ITEM 4 576527749
ITEM 3 1872910572
ITEM 0 636941304
ITEM 2 1164842040
ITEM 0 1838725953
ITEM 4 1652821113
ITEM 1 1798043807
ITEM 3 492109995
ITEM 4 1741139372
ITEM 4 258045051
ITEM 1 1192577606
ITEM 2 1205058034
ITEM 2 396335762
ITEM 1 971744332
ITEM 4 1220236055
STEP
ITEM 2 1111336030
ITEM 0 1831297878
ITEM 4 173519615
ITEM 3 1315722409
ITEM 0 514185147
ITEM 4 2130119010
ITEM 1 1991548061
ITEM 2 979329935
ITEM 3 2108759603
ITEM 1 1090409127
ITEM 3 143188058
ITEM 1 807330
ITEM 1 806936115
ITEM 2 139355461
ITEM 3 13657906
ITEM 2 54885500
ITEM 2 1906539349
ITEM 4 787494111
ITEM 1 1358002289
ITEM 2 837625175
STEP
ITEM 3 317851765
ITEM 2 1339593711
ITEM 3 1352546216
ITEM 3 659180657
ITEM 0 254778525
ITEM 4 1168136897
ITEM 4 2136985420
ITEM 0 1547205098
ITEM 3 985378507
ITEM 3 1779156986
ITEM 4 1232461858
ITEM 1 247004711
ITEM 4 210315322
ITEM 0 1289668876
ITEM 3 2096706292
ITEM 2 1379148560
ITEM 0 2115467607
ITEM 2 1636348647
ITEM 2 874191073
ITEM 0 741691442
STEP
ITEM 4 1705997141
ITEM 3 1619727753
ITEM 0 1168182918
ITEM 4 87855713
ITEM 2 1154161002
ITEM 2 1855526057
ITEM 1 1350752865
ITEM 4 1680925459
ITEM 3 1263330963
ITEM 4 1975223516
ITEM 0 1155067781
ITEM 0 103204535
ITEM 1 1444648909
ITEM 1 2134764488
ITEM 3 562798818
ITEM 3 625716427
ITEM 1 155902989
ITEM 4 1784792917
ITEM 0 1138272380
ITEM 3 1369112371
STEP
ITEM 0 797306191
ITEM 2 1944849184
ITEM 0 712975312
ITEM 3 483604011
ITEM 4 721287143
ITEM 1 207944809
ITEM 4 160266879
ITEM 2 2029737060
ITEM 3 1117385929
ITEM 2 1747904368
ITEM 4 130995531
ITEM 0 140509704
ITEM 4 1600461842
ITEM 2 1390078038
ITEM 1 689379331
ITEM 1 1073066193
ITEM 2 229205840
ITEM 4 856024833
ITEM 3 1338395910
ITEM 2 1953388638
STEP
ITEM 2 1026919934
ITEM 0 497348674
ITEM 2 918250390
ITEM 1 245390586
ITEM 3 957811137
ITEM 1 1124808658
ITEM 3 1429022102
ITEM 1 1508305656
ITEM 1 2008861729
ITEM 4 349719185
ITEM 1 1480276594
ITEM 4 339134493
ITEM 1 1607580882
ITEM 4 1526217208
ITEM 1 865965841
ITEM 1 1220172028
ITEM 2 641523707
ITEM 1 534459972
ITEM 2 1026580969
ITEM 3 1814301452
STEP
ITEM 4 358674452
ITEM 4 1635766250
ITEM 4 1145631182
ITEM 3 1182422581
ITEM 4 1138164303
ITEM 3 1982258710
STEP
ITEM 2 452440061
ITEM 3 665424864
ITEM 0 792445505
ITEM 2 98194698
ITEM 3 2054767651
ITEM 3 2106146498
ITEM 2 1012923111
ITEM 0 1711902832
ITEM 2 1800647777
ITEM 0 948423954
ITEM 3 738519309
ITEM 0 45672611
ITEM 2 533736763
ITEM 2 1630251416
ITEM 3 917390183
ITEM 2 37183623
ITEM 2 2064236967
ITEM 3 1272133603
ITEM 0 1357667389
ITEM 1 684948962
ITEM 0 991141939
ITEM 3 1181365779
ITEM 3 1461550548
ITEM 3 1660269490
ITEM 1 701017557
ITEM 2 856567644
ITEM 2 181585627
ITEM 4 1276353629
ITEM 0 1177571420
ITEM 4 1816321800
ITEM 4 1017834127
STEP
ITEM 2 736338680
ITEM 2 449627011
ITEM 4 1160647537
STEP
ITEM 1 858918026
ITEM 0 581775774
ITEM 2 11405202
ITEM 4 605272561
ITEM 1 584956989
ITEM 1 160920116
ITEM 4 168885815
ITEM 0 527017134
ITEM 2 789761691
ITEM 3 674469242
ITEM 4 665972679
ITEM 3 899766185
ITEM 2 952476744
ITEM 3 2122945158
ITEM 0 452078324
ITEM 2 1864177908
ITEM 1 651667991
ITEM 4 2014663924
ITEM 1 1477401541
ITEM 3 1929816387
STEP
ITEM 2 577211842
ITEM 3 633669452
ITEM 4 812223830
STEP
ITEM 3 691956351
ITEM 3 1532765572
ITEM 0 1069256814
ITEM 4 1253722267
ITEM 0 2084423040
ITEM 2 2137211328
ITEM 2 1885451042
ITEM 4 732512680
ITEM 2 331350939
ITEM 1 2105998022
ITEM 0 333242687
ITEM 3 241280466
ITEM 3 192787452
ITEM 0 1535912928
ITEM 2 1793691507
ITEM 2 570068794
ITEM 1 644029169
ITEM 1 1684091352
ITEM 2 75295282
ITEM 0 134533357
ITEM 3 234577991
ITEM 2 134047646
ITEM 3 1541316242
ITEM 3 1667189453
ITEM 2 2014650861
ITEM 3 1544358732
ITEM 0 1490057188
ITEM 1 913979735
ITEM 3 1681577617
ITEM 4 2027558111
ITEM 4 1876352839
ITEM 4 528781944
ITEM 0 1748271175
ITEM 0 1648212169
ITEM 4 974628679
ITEM 3 136568407
ITEM 3 1683607698
ITEM 4 1279647551
ITEM 1 562737788
ITEM 1 1138370124
ITEM 1 795911030
ITEM 2 1197543892
ITEM 4 1011045275
ITEM 3 1602765122
ITEM 1 1258352555
ITEM 0 1736852239
ITEM 0 846446631
ITEM 1 1256538448
ITEM 1 951387967
ITEM 4 552926084
ITEM 2 846430906
ITEM 0 1303944027
ITEM 3 507114089
ITEM 3 1063503346
ITEM 4 438631845
ITEM 4 1108950745
ITEM 3 394343273
STEP
ITEM 1 2116601409
ITEM 2 1938659497
ITEM 3 1051461926
ITEM 2 2025006411
ITEM 3 925266327
ITEM 4 171063109
ITEM 0 172459892
ITEM 4 845616284
ITEM 1 691072607
ITEM 1 1740430327
ITEM 1 261983879
ITEM 2 924153542
ITEM 2 1824077986
ITEM 0 325274496
ITEM 4 182540025
ITEM 1 2036109828
ITEM 3 37641629
ITEM 2 1770802209
ITEM 2 204393399
ITEM 3 1946354737
STEP
STEP
ITEM 3 193943614
ITEM 1 927791572
ITEM 3 1249849436
ITEM 2 433888810
ITEM 4 1395873430
ITEM 2 1828572304
ITEM 0 1331701842
ITEM 2 1773762728
ITEM 0 916040687
ITEM 2 362604646
ITEM 1 188993080
ITEM 1 1733883094
ITEM 1 1472520537
ITEM 1 1360776373
ITEM 4 229646017
ITEM 1 248712732
ITEM 2 2124621091
ITEM 4 145787223
ITEM 3 722867352
ITEM 2 1012866772
ITEM 3 1551239903
ITEM 0 2071611959
ITEM 4 1046208964
STEP
STEP
ITEM 0 937183787
ITEM 4 1283082755
ITEM 1 1043180186
ITEM 1 505215703
ITEM 3 1492722792
ITEM 2 567747171
ITEM 3 241939148
ITEM 1 1907666608
ITEM 0 122488113
ITEM 0 130772272
ITEM 3 1305976111
ITEM 3 2064335444
ITEM 4 1611353458
ITEM 2 952698938
ITEM 2 1628800185
ITEM 4 1681090180
ITEM 4 1735132923
ITEM 2 1061426500
ITEM 4 924767908
ITEM 4 708123923
ITEM 2 1278226428
STEP
ITEM 3 1439281779
ITEM 2 1959092
ITEM 2 1146999619
ITEM 1 836620003
ITEM 2 1919405573
ITEM 0 873348552
ITEM 4 38526330
ITEM 4 1867881084
ITEM 2 144889260
ITEM 0 789967747
ITEM 2 2088672572
ITEM 0 16774002
ITEM 4 219392471
ITEM 2 1228103594
ITEM 3 415273415
ITEM 2 516522306
ITEM 1 1185670309
ITEM 0 1657403907
ITEM 3 1245814061
ITEM 4 735094668
STEP
ITEM 3 511705899
ITEM 3 935746449
ITEM 0 732571353
ITEM 0 1701608426
ITEM 4 748244814
ITEM 2 29964868
ITEM 2 1545503922
ITEM 2 224499231
ITEM 3 1068225219
ITEM 1 423243310
ITEM 3 128156190
ITEM 3 1897719755
ITEM 2 844803115
ITEM 0 1262311809
ITEM 0 629709313
ITEM 4 642654355
ITEM 0 689777200
ITEM 2 939123762
ITEM 1 1760795444
ITEM 2 769708606
ITEM 0 879381251
ITEM 4 789702188
ITEM 0 1419693650
ITEM 4 1287278997
STEP
ITEM 2 1971906593
ITEM 2 1458133938
ITEM 1 1382462988
ITEM 1 2064080902
ITEM 4 979713715
ITEM 0 1465067314
ITEM 4 554550768
ITEM 3 2043725593
ITEM 4 457634872
ITEM 0 1577885208
ITEM 2 1826476570
ITEM 1 215846739
ITEM 0 1816902117
ITEM 4 1220899371
ITEM 1 1834910055
ITEM 1 1867237067
ITEM 2 423247311
STEP
ITEM 1 1958370
ITEM 1 654320564
ITEM 1 1191240043
ITEM 3 2052859182
ITEM 3 550821031
ITEM 0 5227680
ITEM 0 879956002
ITEM 3 2066604333
ITEM 3 306515612
ITEM 2 1887334167
ITEM 0 1572113237
ITEM 2 26756702
ITEM 1 840932435
ITEM 4 461600576
ITEM 0 452605360
ITEM 2 460900317
ITEM 2 1010402930
ITEM 4 1363910882
ITEM 3 1573192089
ITEM 0 1675678556
ITEM 1 447198520
ITEM 0 1386585541
ITEM 1 859732994
ITEM 0 1396006308
ITEM 2 588042623
ITEM 2 1572275641
ITEM 4 458635097
ITEM 0 352619045
ITEM 3 501732510
ITEM 1 1252413249
ITEM 0 2041118268
ITEM 0 1857561069
ITEM 0 1744323740
ITEM 3 1113334533
ITEM 3 767588712
ITEM 0 1280554994
ITEM 2 1180241774
ITEM 2 260420188
ITEM 0 148461212
ITEM 2 54132989
ITEM 2 1144796715
STEP
ITEM 1 1529773125
ITEM 1 467518637
ITEM 2 237370209
ITEM 3 1107706754
ITEM 1 849446508
ITEM 4 217848996
ITEM 4 1913509
ITEM 0 1033852178
ITEM 3 2081537746
ITEM 2 867997652
ITEM 2 1467998692
ITEM 2 802296050
ITEM 0 1696474869
ITEM 0 1283998263
ITEM 3 1880514221
ITEM 0 721806100
ITEM 1 1933810867
ITEM 3 1418026980
ITEM 3 1355845843
ITEM 1 619542997
ITEM 4 1840452587
ITEM 4 1723828783
ITEM 1 365318652
ITEM 2 1446475701
STEP
ITEM 4 1882997600
ITEM 2 1834115108
ITEM 4 1773684507
ITEM 4 2038372312
ITEM 2 1131401289
ITEM 4 1233895822
ITEM 0 38484151
ITEM 1 689299524
ITEM 1 223341198
ITEM 2 1249273149
ITEM 1 12464938
ITEM 1 1056529441
ITEM 3 509620490
ITEM 4 319837260
ITEM 1 2135488320
ITEM 2 1589254746
ITEM 4 1890348767
ITEM 0 2104352247
ITEM 3 2092293575
ITEM 1 2059583275
ITEM 4 1603010707
ITEM 0 1020742131
ITEM 0 492308276
ITEM 2 816522498
ITEM 4 1844307908
ITEM 1 1721524661
ITEM 2 1505466048
ITEM 4 2024485553
ITEM 4 189099786
ITEM 2 1276932961
STEP
ITEM 1 776500821
ITEM 1 759899495
ITEM 4 237070066
ITEM 2 621652924
ITEM 1 627131590
ITEM 0 758666735
ITEM 1 1636372317
ITEM 1 1011752329
ITEM 4 1118651159
ITEM 0 1029478290
ITEM 3 349895552
ITEM 3 344865836
ITEM 2 1269016766
ITEM 1 1397638748
ITEM 0 475097635
ITEM 0 571182569
ITEM 3 404045794
ITEM 3 366730589
ITEM 0 1445029343
ITEM 0 865560104
STEP
ITEM 0 781363630
ITEM 3 444903867
ITEM 1 2125976990
ITEM 1 33252167
ITEM 3 84536713
ITEM 3 290774847
ITEM 0 679561911
ITEM 1 1042368482
ITEM 4 1921465033
ITEM 4 1014794257
ITEM 1 1547474511
ITEM 2 295946542
ITEM 0 1629613686
ITEM 3 393815329
ITEM 3 1037018078
ITEM 1 497628788
ITEM 1 1958697098
ITEM 1 561924254
ITEM 0 1955417841
ITEM 2 1529285213
STEP
ITEM 0 430925873
ITEM 0 309511228
ITEM 1 579375971
ITEM 4 1675834676
ITEM 1 1528471561
ITEM 0 831805295
ITEM 0 713393572
ITEM 2 603746087
STEP
ITEM 1 1596084835
ITEM 3 1274021235
ITEM 3 2123430144
ITEM 1 1188376869
ITEM 0 1084652729
ITEM 2 257839700
ITEM 3 1317944381
ITEM 1 1718187700
ITEM 2 611559812
ITEM 0 239653114
ITEM 1 583228012
ITEM 1 1333343660
ITEM 0 346320599
ITEM 1 321540881
ITEM 0 113702639
ITEM 1 1319450184
ITEM 3 1684224905
ITEM 4 1838468981
ITEM 4 518122151
ITEM 3 1081952022
ITEM 0 1289964056
STEP
ITEM 1 1094011295
ITEM 0 412882148
ITEM 3 1908780383
ITEM 2 1432528820
ITEM 1 1958914624
ITEM 3 730564805
ITEM 3 405169055
ITEM 1 1848086262
ITEM 1 1695702403
ITEM 3 1340139156
ITEM 1 2020509744
ITEM 4 1902806078
ITEM 3 420144557
ITEM 0 2138641141
ITEM 0 181572230
ITEM 2 1639196031
ITEM 1 1909732528
ITEM 4 1168673194
ITEM 3 1950875138
ITEM 3 1177673683
ITEM 4 1469133489
ITEM 2 513403238
ITEM 2 1232404207
ITEM 0 1172058840
ITEM 2 2137039848
ITEM 2 645937009
ITEM 4 1068168698
ITEM 1 13291938
ITEM 2 1939422360
ITEM 0 85504727
ITEM 0 796736253
STEP
ITEM 4 1132138451
ITEM 2 1809164017
ITEM 2 2101787180
ITEM 3 1219728445
ITEM 4 1101550921
ITEM 4 658740499
ITEM 2 1756359465
ITEM 1 2029813499
ITEM 4 1240405235
ITEM 4 1010591175
ITEM 2 1934291528
ITEM 4 315637817
ITEM 2 1473053617
ITEM 2 820376770
ITEM 4 1982462520
ITEM 4 1832071269
ITEM 2 2043981330
ITEM 2 975145402
ITEM 3 459574905
ITEM 3 1189515791
STEP
ITEM 4 1667896948
ITEM 2 1734062650
ITEM 0 1546122548
ITEM 4 828224224
ITEM 0 1314835981
ITEM 1 84829262
ITEM 4 1605438612
ITEM 4 1950778977
ITEM 2 2043196978
ITEM 2 1705717708
ITEM 2 1359994936
ITEM 4 2041769852
ITEM 1 1943614729
ITEM 2 1916297757
ITEM 2 2014730869
ITEM 4 420044214
ITEM 4 1753557799
ITEM 2 2121397616
ITEM 0 714724660
ITEM 1 171226996
STEP
ITEM 0 17871387
ITEM 3 481399262
ITEM 3 193996518
ITEM 2 652332173
ITEM 4 1867624790
ITEM 0 230492656
ITEM 4 509605131
ITEM 2 1985174779
ITEM 4 886894402
ITEM 2 821350948
ITEM 3 66264492
ITEM 1 1482592135
ITEM 4 324599897
ITEM 1 1988007210
ITEM 1 1541245139
ITEM 2 1394868058
ITEM 1 1024141384
ITEM 2 221105460
ITEM 4 2111327967
ITEM 4 782781760
STEP
ITEM 2 9255131
ITEM 3 1476998469
ITEM 0 1276437845
ITEM 2 1286684282
ITEM 4 103057244
ITEM 2 1896754508
ITEM 2 568195930
ITEM 2 1292783087
ITEM 0 199579913
ITEM 0 898062157
ITEM 1 1879082306
ITEM 3 1830514214
ITEM 3 1038405363
ITEM 3 661649489
ITEM 0 1068771631
ITEM 3 361701920
ITEM 1 1777513568
ITEM 4 1673074657
ITEM 2 458647703
ITEM 3 150476161
STEP
ITEM 4 1626995864
ITEM 0 386832041
ITEM 4 1111499680
ITEM 2 140178472
ITEM 2 1020461048
ITEM 4 128777736
ITEM 2 105473937
ITEM 4 1110744132
ITEM 4 604898647
ITEM 2 1510072597
ITEM 0 1001347523
ITEM 3 1436219608
ITEM 0 259912333
ITEM 1 1976432141
ITEM 2 1280387967
ITEM 2 1101798267
ITEM 3 2034100837
ITEM 2 513042034
ITEM 1 2114971681
ITEM 3 1133329192
STEP
ITEM 0 1983151809
ITEM 0 488090328
ITEM 1 318763915
ITEM 4 686805350
ITEM 4 101541450
ITEM 2 457923249
ITEM 4 2043559783
ITEM 4 1828780473
ITEM 4 1619833619
ITEM 1 1945419114
ITEM 3 1538319000
ITEM 2 411037506
ITEM 4 382566602
ITEM 1 2127362569
ITEM 4 1175784348
ITEM 4 938195647
STEP
ITEM 0 1335348431
ITEM 2 50773396
ITEM 1 1731982276
ITEM 0 1307052305
ITEM 4 33256721
ITEM 3 1585524774
ITEM 4 851433742
ITEM 1 891260868
ITEM 0 1528199012
ITEM 0 2074606562
ITEM 3 1221573894
ITEM 1 1396142724
ITEM 1 1863893089
ITEM 3 498539209
ITEM 2 2139262377
ITEM 4 1368770191
ITEM 3 82355791
ITEM 2 1980542005
ITEM 3 463652238
ITEM 0 2146876027
ITEM 4 1272781861
ITEM 3 1561725062
ITEM 1 1211323679
ITEM 3 647562241
STEP
ITEM 1 1306383108
ITEM 3 2140835404
ITEM 4 1463285889
ITEM 4 1567149775
ITEM 4 198610760
ITEM 3 924818143
ITEM 2 2133123526
ITEM 2 1385130418
ITEM 2 1064356999
ITEM 3 903348778
ITEM 4 1782081872
ITEM 1 1387419954
ITEM 4 484841803
ITEM 2 381072449
ITEM 0 934133853
ITEM 4 1663775228
ITEM 1 928588692
ITEM 3 1883699960
ITEM 2 1014922428
ITEM 3 1662549149
STEP
ITEM 4 493557656
ITEM 3 1300783837
ITEM 1 94595992
ITEM 0 177999415
ITEM 1 1849241393
ITEM 4 734208979
ITEM 2 737058498
ITEM 4 1831000109
ITEM 4 1345318079
ITEM 2 459224705
ITEM 3 1910421512
ITEM 0 1752030309
ITEM 2 2010469720
ITEM 3 1326288275
ITEM 3 1635253716
ITEM 2 551813573
ITEM 4 1471747267
ITEM 3 1991732921
ITEM 3 483841629
ITEM 4 617574484
STEP
ITEM 4 1471630891
ITEM 2 1743352375
ITEM 2 21278909
ITEM 0 1061056997
ITEM 1 24262867
ITEM 1 104935465
ITEM 4 779999279
ITEM 2 697440282
ITEM 0 2020020995
ITEM 4 328934724
ITEM 0 1779064840
ITEM 2 1632304912
ITEM 4 1169242030
ITEM 3 344139841
ITEM 1 987669614
ITEM 3 1768055963
ITEM 0 1317750331
ITEM 2 1640273566
ITEM 2 570481430
ITEM 2 1197700976
STEP
ITEM 4 1384445468
ITEM 4 125933903
ITEM 4 1016642395
ITEM 4 757053620
ITEM 1 1652837217
ITEM 2 198243843
ITEM 4 1055475652
ITEM 1 366423213
ITEM 4 1715596508
ITEM 1 151212397
ITEM 1 860006102
ITEM 4 21908137
ITEM 1 1824433639
ITEM 2 740535538
ITEM 2 1399604124
ITEM 0 1084521894
ITEM 2 1973496656
ITEM 1 69746101
ITEM 4 57366456
ITEM 2 19177088
STEP
ITEM 3 1232319208
ITEM 4 366414239
ITEM 2 925245133
ITEM 3 1725528836
ITEM 3 1624904823
ITEM 2 1408553854
ITEM 2 1533491002
ITEM 4 1915427134
ITEM 1 999074395
ITEM 3 1939677894
ITEM 0 31214813
ITEM 3 840717328
ITEM 1 1990500471
ITEM 2 1205849038
ITEM 0 1086647719
ITEM 4 1689248461
ITEM 4 876500704
ITEM 1 216465267
ITEM 4 1787669727
ITEM 0 1599397735
STEP
ITEM 0 249419214
ITEM 2 602480477
ITEM 0 1678101206
ITEM 4 1315365432
ITEM 3 1061925989
ITEM 2 970153435
ITEM 0 1448428416
ITEM 3 434448350
ITEM 3 494041721
ITEM 4 1275534566
ITEM 3 725033597
ITEM 2 1856064911
ITEM 4 1533331529
ITEM 4 1102092132
ITEM 2 567448061
ITEM 3 217549835
ITEM 2 1917018121
ITEM 3 383477886
ITEM 3 1131400004
ITEM 2 908721780
STEP
ITEM 4 99344828
ITEM 4 526455011
ITEM 1 1683042287
ITEM 4 1445188476
ITEM 4 887564846
ITEM 0 1860813443
ITEM 0 1908715815
ITEM 2 57844808
ITEM 4 1386612599
ITEM 2 1993512910
ITEM 4 115519796
ITEM 4 1422293927
ITEM 1 399538855
ITEM 3 894738682
ITEM 4 359331863
ITEM 0 792620199
ITEM 2 1274671296
ITEM 3 472885377
ITEM 0 1969637091
ITEM 3 1415734970
STEP
ITEM 2 405351418
ITEM 2 1401790442
ITEM 3 1965969259
ITEM 4 717263728
ITEM 3 1998237945
ITEM 4 252370085
ITEM 2 279551204
ITEM 1 1546120627
ITEM 3 1553941497
ITEM 2 177376952
ITEM 3 463577446
ITEM 4 490034406
ITEM 0 721464236
ITEM 4 774908361
ITEM 3 432235185
ITEM 1 41927848
ITEM 3 802581749
ITEM 2 1761613829
ITEM 2 1997673949
ITEM 4 814798144
STEP
ITEM 1 721671389
ITEM 0 1392931932
ITEM 2 31935675
ITEM 3 1346425815
ITEM 4 322457842
ITEM 2 1591176959
ITEM 0 1488885447
ITEM 3 1547636545
ITEM 4 1886636475
ITEM 4 1521798027
ITEM 1 403464218
ITEM 3 57338927
ITEM 1 252176048
STEP
ITEM 0 2095901409
ITEM 2 1718949275
ITEM 4 1464535818
ITEM 0 1109143771
ITEM 1 1120477244
ITEM 0 794776864
ITEM 0 1567543879
ITEM 4 1278721244
STEP
ITEM 1 1864589545
ITEM 4 83049547
ITEM 2 44369416
ITEM 4 854906153
ITEM 0 1443003723
ITEM 0 1197814092
ITEM 2 548498332
ITEM 1 1358330248
ITEM 4 828085109
ITEM 2 1239351064
ITEM 4 1117737183
ITEM 0 481527534
ITEM 3 1716105741
ITEM 1 150059051
ITEM 1 1026439206
ITEM 4 684048298
ITEM 3 207266336
ITEM 0 636836535
ITEM 4 1252606920
ITEM 4 2067769296
ITEM 3 185309918
ITEM 0 941263582
ITEM 1 1021641169
ITEM 1 536697254
ITEM 1 330702910
ITEM 0 1505868409
ITEM 4 1650771070
ITEM 3 52825924
ITEM 4 565371130
ITEM 4 1384092203
STEP
ITEM 4 165952115
STEP
ITEM 1 568654732
ITEM 2 1197384749
ITEM 2 32634417
ITEM 2 2121586613
ITEM 2 114367951
ITEM 4 295823456
ITEM 4 1976754223
ITEM 2 84636454
ITEM 3 1650658769
ITEM 4 1249470355
ITEM 2 1023686996
ITEM 3 1058650458
ITEM 0 817527358
ITEM 2 1515558478
ITEM 1 1514213241
ITEM 3 2032463126
ITEM 3 1506715508
ITEM 3 816631160
ITEM 3 603725627
ITEM 3 586590483
ITEM 0 853567124
ITEM 1 1298198630
ITEM 3 1569363553
ITEM 1 510651353
ITEM 2 863426333
ITEM 2 2031116637
ITEM 0 1817701329
ITEM 4 1526852344
ITEM 3 561340609
ITEM 1 1376937410
ITEM 1 1413131998
ITEM 0 1459007165
ITEM 0 698171840
ITEM 0 152995602
ITEM 4 1001368243
ITEM 1 852703859
ITEM 2 433654696
ITEM 2 1841566503
ITEM 4 955747548
STEP
ITEM 2 784926514
ITEM 2 350698759
ITEM 3 2121238417
ITEM 4 371870739
ITEM 4 1355491938
ITEM 0 1094063966
ITEM 0 1188415125
ITEM 3 907415866
ITEM 0 636562370
STEP
ITEM 0 1125388023
ITEM 4 414873949
ITEM 0 781297661
ITEM 0 1212784628
ITEM 1 458671857
ITEM 0 551398729
ITEM 4 1867220828
ITEM 0 1942751050
ITEM 1 167686918
ITEM 0 885129989
ITEM 0 1685295817
ITEM 3 102219475
ITEM 3 274905729
ITEM 4 354106514
ITEM 0 1645780779
ITEM 3 2066958424
ITEM 1 1592457103
ITEM 1 1256910288
ITEM 3 27330646
ITEM 3 85869744
ITEM 0 1477700673
ITEM 0 541818530
ITEM 3 748388721
ITEM 2 1312608317
ITEM 0 1634068605
ITEM 3 748831584
ITEM 1 780575398
ITEM 0 1261637044
ITEM 0 1271144738
ITEM 1 1062636883
ITEM 1 1065727892
ITEM 4 1643457927
ITEM 1 321979293
ITEM 3 1855165866
ITEM 4 1120821792
ITEM 4 1260625419
ITEM 3 1107426782
ITEM 3 572032370
ITEM 0 1939728269
ITEM 4 43498507
