STEP
ITEM 6 1710059223
ITEM 8 1893447083
ITEM 9 1380335032
ITEM 9 576568763
ITEM 5 314340286
ITEM 8 1989356082
ITEM 8 2030253221
ITEM 7 64568863
ITEM 9 838886175
ITEM 8 1287827757
STEP
ITEM 8 283362844
ITEM 7 2054416606
ITEM 5 1065719299
ITEM 7 810883536
ITEM 5 1586590200
ITEM 6 116347130
ITEM 5 195214614
ITEM 9 1097426157
ITEM 5 51864500
ITEM 6 1790562068
STEP
ITEM 8 1549279921
ITEM 7 1654449210
ITEM 5 1261595946
ITEM 8 259648621
ITEM 8 817767410
ITEM 9 1537799423
ITEM 6 1470044206
ITEM 7 1242897160
ITEM 9 1707629884
ITEM 5 796419963
STEP
ITEM 8 801563983
ITEM 7 1379049497
ITEM 7 263154531
ITEM 6 2048983926
ITEM 6 2049737170
ITEM 6 1037391114
ITEM 9 1079745595
ITEM 7 1122664490
ITEM 7 1773454329
ITEM 6 445081478
STEP
ITEM 8 1815991649
ITEM 6 1199617639
ITEM 6 1483744511
ITEM 6 132880881
ITEM 6 1169525982
ITEM 7 2018927200
ITEM 7 604103102
ITEM 8 1484524620
ITEM 7 1118687325
ITEM 7 2129113574
STEP
ITEM 5 654182562
ITEM 5 893545718
ITEM 6 472160874
ITEM 9 959129969
ITEM 6 1777094801
ITEM 9 57708030
ITEM 8 422056149
ITEM 7 1362836466
ITEM 8 837434478
ITEM 9 1354059192
STEP
ITEM 6 1947127028
ITEM 5 950562427
ITEM 7 391241625
ITEM 6 381766784
ITEM 8 69776425
ITEM 9 869968177
ITEM 7 1799620175
ITEM 6 1332883566
ITEM 5 16588907
ITEM 7 1915096685
STEP
ITEM 5 417895924
ITEM 6 1832366183
ITEM 8 1050323432
ITEM 8 1726046770
ITEM 9 1702879910
ITEM 6 1019490527
ITEM 7 1678274802
ITEM 6 1337110855
ITEM 9 1162828302
ITEM 5 531159649
STEP
ITEM 7 1240414427
ITEM 9 880730366
ITEM 5 1978087221
ITEM 7 1779339471
ITEM 7 1183768969
ITEM 9 2140738211
ITEM 5 1725460897
ITEM 7 479989915
ITEM 9 1406112321
ITEM 7 1848277871
STEP
ITEM 8 118801513
ITEM 7 1789985715
ITEM 9 1994927248
ITEM 6 1540913941
ITEM 7 927516648
ITEM 6 224075162
ITEM 6 323815839
ITEM 9 625066726
ITEM 5 1434050585
ITEM 8 1671296883
STEP
ITEM 8 1693500159
ITEM 7 8338524
ITEM 6 387066767
ITEM 6 1463318325
ITEM 9 2042721855
ITEM 7 971241938
ITEM 9 1408621246
ITEM 6 336897176
ITEM 9 1699715189
ITEM 9 1483530566
STEP
ITEM 7 696066616
ITEM 9 1433796054
ITEM 7 156263574
ITEM 6 1748482047
ITEM 5 57226951
ITEM 7 1084717174
ITEM 8 1463535770
ITEM 5 1105181601
ITEM 7 1760884566
ITEM 5 1318504699
STEP
ITEM 9 663114996
ITEM 7 72118534
ITEM 7 881090168
ITEM 8 2129885977
ITEM 7 1111219578
ITEM 5 1815607690
ITEM 6 1235072208
ITEM 5 1145848899
ITEM 7 1665387977
ITEM 6 637232971
STEP
ITEM 6 31106118
ITEM 5 1419332749
ITEM 5 532965817
ITEM 6 1301524361
ITEM 9 1794285534
ITEM 9 218802449
ITEM 7 1579847660
ITEM 5 1181761356
ITEM 7 1737602897
ITEM 6 2045998655
STEP
ITEM 8 1832496497
ITEM 9 794676223
ITEM 6 1355444683
ITEM 6 1484900954
ITEM 7 1285109527
ITEM 9 329065007
ITEM 5 183035147
ITEM 9 1945918571
ITEM 9 60318748
ITEM 6 780473430
STEP
ITEM 5 451376075
ITEM 8 1222685749
ITEM 8 387488605
ITEM 6 238073242
ITEM 5 2049570114
ITEM 5 1708323521
ITEM 7 1364972623
ITEM 8 2132719441
ITEM 8 1568609614
ITEM 6 103825036
STEP
ITEM 9 835507534
ITEM 9 2087222795
ITEM 9 1404048425
ITEM 6 1219849616
ITEM 9 1570342873
ITEM 8 197701541
ITEM 8 436962203
ITEM 7 1555754238
ITEM 8 317507559
ITEM 8 147887395
STEP
ITEM 8 402459727
ITEM 7 448862633
ITEM 8 1259646672
ITEM 9 1916536499
ITEM 8 1970503605
ITEM 9 1049278349
ITEM 9 1560234685
ITEM 8 1154077100
ITEM 6 576673122
ITEM 6 2131957216
STEP
ITEM 6 1638407194
ITEM 6 1243591058
ITEM 6 759789458
ITEM 7 367753222
ITEM 6 1914972659
ITEM 9 294519704
ITEM 6 1800131616
ITEM 5 1008647936
ITEM 7 932860659
ITEM 7 1243141776
STEP
ITEM 9 760164267
ITEM 8 754327484
ITEM 9 1843840403
ITEM 6 1502295495
ITEM 8 349585730
ITEM 6 342999773
ITEM 9 253095064
ITEM 6 922087027
ITEM 5 1599729899
ITEM 5 1657011476
STEP
ITEM 9 888683188
ITEM 5 1816144080
ITEM 5 507417210
ITEM 7 553702805
ITEM 9 436118927
ITEM 9 1709028475
ITEM 9 1051235277
ITEM 9 953198257
ITEM 8 1186373640
ITEM 8 2020779520
STEP
ITEM 5 1658422404
ITEM 6 1750339954
ITEM 9 1206416740
ITEM 7 323457772
ITEM 9 417396187
ITEM 8 2062255005
ITEM 9 367171376
ITEM 5 1093575359
ITEM 9 180883679
ITEM 9 1251262309
STEP
ITEM 7 1151531245
ITEM 9 187513349
ITEM 5 705179886
ITEM 5 233633633
ITEM 5 660273642
ITEM 8 1590145339
ITEM 8 856315693
ITEM 8 128168276
ITEM 7 1680452413
ITEM 8 278927943
STEP
ITEM 8 1077803422
ITEM 8 1228233630
ITEM 5 1830009123
ITEM 6 637691651
ITEM 8 1612575517
ITEM 8 327354671
ITEM 9 1938721621
ITEM 9 1177319455
ITEM 5 435214413
ITEM 5 1877970473
STEP
ITEM 8 262933985
ITEM 6 1446189500
ITEM 8 1069703657
ITEM 9 601861195
ITEM 9 631940771
ITEM 8 352869684
ITEM 5 2080456950
ITEM 9 1850152818
ITEM 8 345230912
ITEM 9 761777179
STEP
ITEM 5 310083713
ITEM 7 1640184640
ITEM 6 977846185
ITEM 8 2031345199
ITEM 5 970593267
ITEM 5 164398554
ITEM 9 1978422090
ITEM 9 2001672834
ITEM 6 641804435
ITEM 9 1146121983
STEP
ITEM 7 1736680731
ITEM 6 1398892745
ITEM 5 1655018880
ITEM 9 712301802
ITEM 5 1418210338
ITEM 5 1103088467
ITEM 8 1931123950
ITEM 7 378525319
ITEM 8 1217736013
ITEM 6 327225380
STEP
ITEM 8 1337829998
ITEM 9 2022255774
ITEM 9 777255361
ITEM 8 1942815572
ITEM 8 1183928081
ITEM 8 959372038
ITEM 7 175335761
ITEM 7 1765412218
ITEM 9 1576924525
ITEM 9 119965714
STEP
ITEM 9 1796745569
ITEM 7 638517793
ITEM 5 347881798
ITEM 7 826646543
ITEM 7 567889491
ITEM 8 1520902234
ITEM 5 250118232
ITEM 7 1543224711
ITEM 5 1996944096
ITEM 8 1180721013
STEP
ITEM 8 208202140
ITEM 8 1201911671
ITEM 8 1738396095
ITEM 8 27582619
ITEM 7 977430620
ITEM 6 299614290
ITEM 5 459562315
ITEM 6 1255147945
ITEM 7 1207059743
ITEM 7 1037149704
STEP
ITEM 7 1977091291
ITEM 8 1075187880
ITEM 9 965434459
ITEM 8 1344995303
ITEM 6 786680385
ITEM 5 2051377661
ITEM 6 1038353796
ITEM 8 167705844
ITEM 7 1808936852
ITEM 7 1139146482
STEP
ITEM 9 837325707
ITEM 9 2035934473
ITEM 9 194004043
ITEM 7 788163765
ITEM 5 137444873
ITEM 7 870907588
ITEM 8 1158556183
ITEM 9 1914102657
ITEM 9 1170852357
ITEM 6 1758233869
STEP
ITEM 5 40882019
ITEM 5 1347271106
ITEM 7 670107392
ITEM 9 1031850
ITEM 7 1296959036
ITEM 6 650865788
ITEM 5 1811107955
ITEM 5 109215241
ITEM 9 1652275772
ITEM 5 895916285
STEP
ITEM 8 566867555
ITEM 5 784557679
ITEM 7 1324601055
ITEM 9 1133681851
ITEM 6 1500848339
ITEM 9 1360043231
ITEM 6 2008418360
ITEM 9 1216554541
ITEM 5 1093167107
ITEM 7 2128655501
STEP
ITEM 6 1979195987
ITEM 9 134438883
ITEM 6 506187536
ITEM 7 1271320938
ITEM 6 515584570
ITEM 7 633497178
ITEM 6 1625796529
ITEM 9 924565065
ITEM 6 1413679374
ITEM 9 1896790053
STEP
ITEM 6 886282982
ITEM 9 1997554552
ITEM 6 839582216
ITEM 8 1669470629
ITEM 5 1198794939
ITEM 8 1227644715
ITEM 9 1872608259
ITEM 7 2102537439
ITEM 8 90573019
ITEM 9 2077622579
STEP
ITEM 9 661471610
ITEM 7 277027188
ITEM 9 1158883984
ITEM 9 1580249861
ITEM 7 604319879
ITEM 6 1578382502
ITEM 6 687989956
ITEM 7 121061297
ITEM 8 2115429093
ITEM 7 2007411033
STEP
ITEM 9 1413357058
ITEM 8 915364842
ITEM 5 1977587181
ITEM 8 2015240206
ITEM 9 727479412
ITEM 9 831999492
ITEM 5 308843164
ITEM 5 1169909480
ITEM 8 2090296805
ITEM 7 523081200
STEP
ITEM 8 575641255
ITEM 5 1043730204
ITEM 6 948194430
ITEM 9 376932231
ITEM 7 580998022
ITEM 7 545886199
ITEM 8 1871681981
ITEM 5 1494947326
ITEM 6 278417563
ITEM 7 1296156746
STEP
ITEM 9 824268170
ITEM 7 808524203
ITEM 9 159807423
ITEM 6 78812481
ITEM 8 1347663603
ITEM 7 1563576759
ITEM 5 217014029
ITEM 9 650393386
ITEM 9 2129793713
ITEM 5 368780817
STEP
ITEM 6 1999710330
ITEM 5 808687740
ITEM 6 2084532287
ITEM 7 676569945
ITEM 5 1003053135
ITEM 6 565489579
ITEM 7 835824310
ITEM 6 764158931
ITEM 9 712194680
ITEM 6 751301833
STEP
ITEM 9 1714272368
ITEM 6 1542580438
ITEM 8 634651309
ITEM 9 1449766847
ITEM 8 976335759
ITEM 7 1089384169
ITEM 8 1606173476
ITEM 7 1887497976
ITEM 7 350920438
ITEM 6 231312296
STEP
ITEM 8 1382914259
ITEM 9 703864674
ITEM 7 1851832959
ITEM 5 1012795785
ITEM 9 138228974
ITEM 8 390777735
ITEM 5 1846401934
ITEM 9 229990716
ITEM 8 1021297923
ITEM 9 212452197
STEP
ITEM 8 1914898851
ITEM 5 560968769
ITEM 8 702746760
ITEM 6 248716569
ITEM 8 1426397970
ITEM 8 669849126
ITEM 8 1625265238
ITEM 6 462178126
ITEM 7 1802254686
ITEM 8 1002147859
STEP
ITEM 7 50110277
ITEM 5 1977367825
ITEM 7 331605071
ITEM 8 2108213476
ITEM 7 1009982346
ITEM 7 925981613
ITEM 8 1461234917
ITEM 8 1161480721
ITEM 9 319410188
ITEM 8 1271642639
STEP
ITEM 9 1527231881
ITEM 5 194600025
ITEM 9 2058946372
ITEM 9 1652327190
ITEM 6 645963523
ITEM 7 2070759295
ITEM 8 2766013
ITEM 9 706070209
ITEM 5 986663204
ITEM 6 1002403940
STEP
ITEM 8 1723768434
ITEM 6 2064883920
ITEM 9 1246633041
ITEM 5 682523643
ITEM 6 1645749622
ITEM 6 1444011874
ITEM 7 1732248405
ITEM 6 134583664
ITEM 7 2104556444
ITEM 8 485142118
STEP
ITEM 7 1944575349
ITEM 7 818454948
ITEM 7 1084815040
ITEM 6 954554079
ITEM 9 403140955
ITEM 9 375199594
ITEM 7 1111693403
ITEM 6 2026858351
ITEM 9 1688307026
ITEM 8 399886133
STEP
ITEM 8 1968715099
ITEM 5 38153476
ITEM 6 1248006026
ITEM 6 1407696415
ITEM 9 1310502433
ITEM 7 1709201532
ITEM 6 1063191709
ITEM 8 1485965583
ITEM 6 2099526580
ITEM 6 2117790624
STEP
ITEM 7 488489701
ITEM 8 425615240
ITEM 9 576517095
ITEM 5 2094605354
ITEM 9 1553335945
ITEM 7 2101548126
ITEM 5 1105515237
ITEM 7 391974292
ITEM 7 1788222481
ITEM 6 1297239509
STEP
ITEM 8 1123966613
ITEM 6 1328704535
ITEM 8 325021740
ITEM 6 529887154
ITEM 7 39250012
ITEM 7 777414218
ITEM 9 1661573445
ITEM 8 1330004884
ITEM 9 2110323837
ITEM 5 793469019
STEP
ITEM 9 823534008
ITEM 6 1156315554
ITEM 6 1930329198
ITEM 7 192628794
ITEM 5 83460267
ITEM 8 284097482
ITEM 7 329589368
ITEM 6 2065768080
ITEM 9 1058181272
ITEM 5 655730466
STEP
ITEM 6 54876818
ITEM 8 31132992
ITEM 7 1975758255
ITEM 9 1536654776
ITEM 5 1340019957
ITEM 8 1849317657
ITEM 6 513303019
ITEM 8 1484743389
ITEM 8 117134413
ITEM 6 1211872855
STEP
ITEM 6 1817110617
ITEM 9 60507080
ITEM 5 88255779
ITEM 7 1517048988
ITEM 7 1607244386
ITEM 7 1026847346
ITEM 7 1805446167
ITEM 9 1646884608
ITEM 9 1634410492
ITEM 9 1280876372
STEP
ITEM 7 1804776133
ITEM 5 1867111704
ITEM 7 1444037984
ITEM 5 885264336
ITEM 8 1490168374
ITEM 5 552019480
ITEM 5 649550441
ITEM 7 1114711784
ITEM 7 1470616342
ITEM 7 581116626
STEP
ITEM 5 97806164
ITEM 9 865806324
ITEM 5 2061174516
ITEM 6 665882235
ITEM 9 1114975511
ITEM 8 1557001295
ITEM 8 14247652
ITEM 7 2058989737
ITEM 9 1962164732
ITEM 7 1148545248
STEP
ITEM 6 1429803461
ITEM 8 654698931
ITEM 5 651119095
ITEM 7 997257550
ITEM 8 964683679
ITEM 6 1004912919
ITEM 7 1116649701
ITEM 8 1708948879
ITEM 5 1351821551
ITEM 6 496205262
STEP
ITEM 8 416739947
ITEM 6 2001255454
ITEM 6 1521508529
ITEM 6 1890882537
ITEM 8 1591671366
ITEM 6 1874875680
ITEM 9 690820701
ITEM 5 453850573
ITEM 7 1020117538
ITEM 6 1739605903
STEP
ITEM 5 958889271
ITEM 8 1238675198
ITEM 5 160099612
ITEM 9 1121485183
ITEM 9 2136747534
ITEM 7 1385141306
ITEM 7 1377975357
ITEM 7 262903283
ITEM 5 927329617
ITEM 5 1401547910
STEP
ITEM 6 419554732
ITEM 6 1394982443
ITEM 7 1726215595
ITEM 5 1078583987
ITEM 5 161799907
ITEM 7 873970890
ITEM 5 398164325
ITEM 5 1368914741
ITEM 6 1336963324
ITEM 5 1353335315
STEP
ITEM 5 1519199516
ITEM 8 1451574473
ITEM 7 238643778
ITEM 7 380396171
ITEM 7 791296501
ITEM 7 1500134781
ITEM 6 600405953
ITEM 7 2089141151
ITEM 7 1829318252
ITEM 5 1532429262
STEP
ITEM 7 1545109441
ITEM 6 2091898107
ITEM 7 1469247144
ITEM 8 1087590658
ITEM 5 166966215
ITEM 6 1159238354
ITEM 8 828567125
ITEM 9 440702133
ITEM 8 2063134722
ITEM 8 885190930
STEP
ITEM 9 630965755
ITEM 9 1079283938
ITEM 7 1337725641
ITEM 7 613355100
ITEM 7 1068013349
ITEM 8 1304009707
ITEM 9 407403685
ITEM 5 1548338713
ITEM 6 207277334
ITEM 6 439911242
STEP
ITEM 9 2039103802
ITEM 5 1921254685
ITEM 5 1502282385
ITEM 8 441744612
ITEM 9 993097649
ITEM 5 1736854519
ITEM 7 948450517
ITEM 5 117747173
ITEM 8 1662655794
ITEM 5 2072437463
STEP
ITEM 5 355174453
ITEM 9 1580099792
ITEM 7 175820487
ITEM 6 2126191854
ITEM 6 1393377418
ITEM 8 2032813224
ITEM 5 506298650
ITEM 6 1547009807
ITEM 5 459296078
ITEM 8 365338127
STEP
ITEM 6 566252089
ITEM 8 682363814
ITEM 6 191722333
ITEM 7 1886331596
ITEM 9 1292917773
ITEM 7 1739933879
ITEM 6 631639137
ITEM 5 1639072948
ITEM 5 1947087148
ITEM 7 330849387
STEP
ITEM 8 1119135862
ITEM 9 135620524
ITEM 9 1031041436
ITEM 8 1808023367
ITEM 6 1675256005
ITEM 5 2029041369
ITEM 7 1410493487
ITEM 7 986515508
ITEM 8 174691730
ITEM 6 1861711431
STEP
ITEM 5 439492449
ITEM 6 1667536472
ITEM 6 847325704
ITEM 9 1800503625
ITEM 7 2039134508
ITEM 8 1028844757
ITEM 5 2097225968
ITEM 9 1513499857
ITEM 6 2105334572
ITEM 7 2114526317
STEP
ITEM 5 915522742
ITEM 5 306048883
ITEM 9 1960231578
ITEM 6 562031492
ITEM 5 1321520995
ITEM 7 1802373472
ITEM 8 754085970
ITEM 5 1745911324
ITEM 6 2043712163
ITEM 9 1350446186
STEP
ITEM 6 1353568461
ITEM 6 466025943
ITEM 5 1466245056
ITEM 8 1289233414
ITEM 6 364700710
ITEM 8 1873756663
ITEM 9 421228452
ITEM 5 970030404
ITEM 5 47572504
ITEM 9 1805350752
STEP
ITEM 9 2106989923
ITEM 6 1693065188
ITEM 7 2048282066
ITEM 5 1120459021
ITEM 8 1048234720
ITEM 5 921561886
ITEM 6 532922070
ITEM 5 906197173
ITEM 7 1906857209
ITEM 7 1764719374
STEP
ITEM 8 1343463209
ITEM 5 66079876
ITEM 7 787097648
ITEM 8 1702883565
ITEM 9 1851314502
ITEM 9 377073767
ITEM 6 1296594582
ITEM 5 841277264
ITEM 9 1677595393
ITEM 9 809886302
STEP
ITEM 7 1123977946
ITEM 7 1302277848
ITEM 8 959935996
ITEM 6 1994705043
ITEM 9 1085190540
ITEM 5 1854095636
ITEM 8 1275641551
ITEM 5 883295668
ITEM 7 698254213
ITEM 5 1286895082
STEP
ITEM 9 2088178801
ITEM 9 1806756929
ITEM 8 1041470925
ITEM 9 2143134506
ITEM 6 1104673952
ITEM 6 1903684678
ITEM 7 325585209
ITEM 7 801266808
ITEM 8 1448196447
ITEM 6 1943397311
STEP
ITEM 9 1899241159
ITEM 5 1377450810
ITEM 6 657711416
ITEM 9 995275623
ITEM 5 368495102
ITEM 9 1541789725
ITEM 9 294194375
ITEM 6 983419261
ITEM 7 19720312
ITEM 9 385739906
STEP
ITEM 5 393397701
ITEM 7 507688246
ITEM 5 1338010429
ITEM 9 1889335491
ITEM 7 1154649517
ITEM 9 1364543733
ITEM 7 813871207
ITEM 5 351185398
ITEM 5 989884600
ITEM 5 71278469
STEP
ITEM 5 550961323
ITEM 7 1669535325
ITEM 5 736524039
ITEM 5 626864317
ITEM 6 2076713081
ITEM 8 1204901114
ITEM 6 1939703096
ITEM 8 1485059202
ITEM 5 1478999606
ITEM 8 1835016989
STEP
ITEM 9 2049346751
ITEM 5 1460755372
ITEM 8 781780242
ITEM 6 1642053455
ITEM 5 751792774
ITEM 9 1250684212
ITEM 8 1661306993
ITEM 5 1822397893
ITEM 5 578392229
ITEM 5 1067429257
STEP
ITEM 5 1747303830
ITEM 6 2137282160
ITEM 9 682710617
ITEM 6 680189565
ITEM 8 1948162399
ITEM 9 380196018
ITEM 5 778051287
ITEM 6 13861364
ITEM 5 1726813869
ITEM 7 1076971650
STEP
ITEM 8 259986016
ITEM 7 1243695147
ITEM 6 1554578397
ITEM 5 675198953
ITEM 7 1030853964
ITEM 5 686126251
ITEM 5 411922184
ITEM 5 1515870240
ITEM 6 1168690277
ITEM 6 800580755
STEP
ITEM 8 1864734025
ITEM 5 922956508
ITEM 8 1096389071
ITEM 9 488458055
ITEM 8 1542004160
ITEM 5 1407906466
ITEM 9 324178812
ITEM 9 717157599
ITEM 6 1766964441
ITEM 9 492223245
STEP
ITEM 9 682182897
ITEM 7 1402797607
ITEM 7 486991286
ITEM 9 1543605271
ITEM 6 1170308724
ITEM 7 386269693
ITEM 8 35104489
ITEM 9 1848824074
ITEM 6 1187246090
ITEM 5 926728519
STEP
ITEM 6 1064077420
ITEM 8 1299523730
ITEM 8 837363391
ITEM 5 689260656
ITEM 5 670207897
ITEM 9 826926722
ITEM 6 424701755
ITEM 7 1669271741
ITEM 5 1370979231
ITEM 8 1752334450
STEP
ITEM 6 252486954
ITEM 8 1517026360
ITEM 5 1438425539
ITEM 6 759748334
ITEM 5 243719961
ITEM 6 1711161407
ITEM 9 1943695088
ITEM 8 1550974949
ITEM 8 153164101
ITEM 5 315063667
STEP
ITEM 8 358035897
ITEM 9 1641540488
ITEM 9 2045377207
ITEM 6 2034122179
ITEM 6 187480387
ITEM 9 812300802
ITEM 6 1765981885
ITEM 9 1694434170
ITEM 8 2066425987
ITEM 9 2128547582
STEP
ITEM 5 1739263709
ITEM 6 1929536337
ITEM 9 1697766404
ITEM 6 1952317531
ITEM 7 1624582596
ITEM 5 558692495
ITEM 9 214695014
ITEM 7 61549162
ITEM 5 368728812
ITEM 6 1825351877
STEP
ITEM 6 1302735250
ITEM 8 1138631062
ITEM 8 269591560
ITEM 7 239247190
ITEM 5 698147540
ITEM 7 805840211
ITEM 5 1204132700
ITEM 8 27162378
ITEM 5 518278017
ITEM 8 727313934
STEP
ITEM 7 1495608403
ITEM 5 67775504
ITEM 5 793541840
ITEM 9 2138205079
ITEM 7 412166932
ITEM 7 1062559422
ITEM 8 883621258
ITEM 8 117335622
ITEM 8 1939087253
ITEM 7 580017544
STEP
ITEM 8 1188629287
ITEM 9 1516553790
ITEM 6 1811040435
ITEM 9 343233751
ITEM 8 897438743
ITEM 7 1112442206
ITEM 5 1384773383
ITEM 5 1030415997
ITEM 6 1484046194
ITEM 6 1952093368
STEP
ITEM 8 950994645
ITEM 7 1940296630
ITEM 6 1313587296
ITEM 9 465939742
ITEM 6 2131863050
ITEM 6 1303866472
ITEM 9 1987214239
ITEM 6 872440789
ITEM 8 686552102
ITEM 6 1420725888
STEP
ITEM 7 503310338
ITEM 8 2118833887
ITEM 5 1603987290
ITEM 7 1967631681
ITEM 9 850021373
ITEM 9 1760506980
ITEM 6 250586684
ITEM 8 883396429
ITEM 7 1514930722
ITEM 6 1825578588
STEP
ITEM 6 434728693
ITEM 6 1766216164
ITEM 5 1868750608
ITEM 8 1446281324
ITEM 5 1238179148
ITEM 8 209251516
ITEM 5 1530975100
ITEM 7 1483368348
ITEM 6 1405506480
ITEM 6 850359217
STEP
ITEM 5 2021433117
ITEM 9 1747440030
ITEM 6 290536897
ITEM 9 978281919
ITEM 6 374308933
ITEM 5 1660364812
ITEM 8 616770327
ITEM 7 1815204745
ITEM 9 2048042016
ITEM 8 1522213458
STEP
ITEM 9 1328063856
ITEM 8 1680664247
ITEM 6 1017445118
ITEM 7 1815048903
ITEM 8 1755025047
ITEM 9 239409041
ITEM 9 1342629808
ITEM 9 1188789152
ITEM 9 958302266
ITEM 9 1398287771
STEP
ITEM 7 577365170
ITEM 9 252055688
ITEM 8 2050076971
ITEM 9 259120295
ITEM 8 854423109
ITEM 8 1951572645
ITEM 5 1621173107
ITEM 9 1117549769
ITEM 7 616310305
ITEM 9 605980917
STEP
ITEM 6 1631983450
ITEM 8 1570576820
ITEM 5 1593565388
ITEM 6 1435231800
ITEM 7 2145026137
ITEM 6 1516617593
ITEM 7 1685832317
ITEM 5 427318599
ITEM 7 1276152490
ITEM 6 43566090
STEP
ITEM 6 875168223
ITEM 5 2080361855
ITEM 8 589919045
ITEM 7 1671503335
ITEM 9 915959112
ITEM 6 1251540295
ITEM 8 1898987585
ITEM 9 1885620010
ITEM 5 1009692995
ITEM 6 278175096
STEP
ITEM 7 1415464463
ITEM 7 874118823
ITEM 8 423563716
ITEM 6 1693702322
ITEM 7 135954510
ITEM 9 257002149
ITEM 7 2072809515
ITEM 7 2145753749
ITEM 7 1085477715
ITEM 7 1517543341
STEP
ITEM 6 1617093753
ITEM 6 471649142
ITEM 7 223773769
ITEM 5 2144377617
ITEM 8 1176182441
ITEM 9 1526689913
ITEM 6 1830877177
ITEM 8 1446728644
ITEM 6 552878677
ITEM 5 1193352288
STEP
ITEM 9 1454045328
ITEM 5 1508015624
ITEM 6 1076884823
ITEM 7 1278000284
ITEM 6 712321249
ITEM 9 1611293054
ITEM 5 2024822538
ITEM 6 583659519
ITEM 5 2113742057
ITEM 5 176842315
